<?xml version="1.0" encoding="UTF-8"?>
<testsuite name="net.opentsdb.utils.TestDateTime" time="3.349" tests="53" errors="0" skipped="0" failures="0">
  <properties>
    <property name="java.runtime.name" value="Java(TM) SE Runtime Environment"/>
    <property name="sun.boot.library.path" value="/usr/java/jdk1.7.0_75/jre/lib/amd64"/>
    <property name="java.vm.version" value="24.75-b04"/>
    <property name="java.vm.vendor" value="Oracle Corporation"/>
    <property name="java.vendor.url" value="http://java.oracle.com/"/>
    <property name="path.separator" value=":"/>
    <property name="guice.disable.misplaced.annotation.check" value="true"/>
    <property name="java.vm.name" value="Java HotSpot(TM) 64-Bit Server VM"/>
    <property name="file.encoding.pkg" value="sun.io"/>
    <property name="user.country" value="US"/>
    <property name="sun.java.launcher" value="SUN_STANDARD"/>
    <property name="sun.os.patch.level" value="unknown"/>
    <property name="java.vm.specification.name" value="Java Virtual Machine Specification"/>
    <property name="user.dir" value="/tsdb/opentsdb-2.1.0RC1"/>
    <property name="java.runtime.version" value="1.7.0_75-b13"/>
    <property name="java.awt.graphicsenv" value="sun.awt.X11GraphicsEnvironment"/>
    <property name="java.endorsed.dirs" value="/usr/java/jdk1.7.0_75/jre/lib/endorsed"/>
    <property name="os.arch" value="amd64"/>
    <property name="java.io.tmpdir" value="/tmp"/>
    <property name="line.separator" value="&#10;"/>
    <property name="java.vm.specification.vendor" value="Oracle Corporation"/>
    <property name="os.name" value="Linux"/>
    <property name="classworlds.conf" value="/java/apache-maven-3.2.5/bin/m2.conf"/>
    <property name="sun.jnu.encoding" value="UTF-8"/>
    <property name="java.library.path" value="/usr/java/packages/lib/amd64:/usr/lib64:/lib64:/lib:/usr/lib"/>
    <property name="java.specification.name" value="Java Platform API Specification"/>
    <property name="java.class.version" value="51.0"/>
    <property name="sun.management.compiler" value="HotSpot 64-Bit Tiered Compilers"/>
    <property name="os.version" value="2.6.32-431.23.3.el6.x86_64"/>
    <property name="user.home" value="/root"/>
    <property name="user.timezone" value="Asia/Shanghai"/>
    <property name="java.awt.printerjob" value="sun.print.PSPrinterJob"/>
    <property name="file.encoding" value="UTF-8"/>
    <property name="java.specification.version" value="1.7"/>
    <property name="user.name" value="root"/>
    <property name="java.class.path" value="/java/apache-maven-3.2.5/boot/plexus-classworlds-2.5.2.jar"/>
    <property name="java.vm.specification.version" value="1.7"/>
    <property name="sun.arch.data.model" value="64"/>
    <property name="java.home" value="/usr/java/jdk1.7.0_75/jre"/>
    <property name="sun.java.command" value="org.codehaus.plexus.classworlds.launcher.Launcher clean install"/>
    <property name="java.specification.vendor" value="Oracle Corporation"/>
    <property name="user.language" value="en"/>
    <property name="awt.toolkit" value="sun.awt.X11.XToolkit"/>
    <property name="java.vm.info" value="mixed mode"/>
    <property name="java.version" value="1.7.0_75"/>
    <property name="java.ext.dirs" value="/usr/java/jdk1.7.0_75/jre/lib/ext:/usr/java/packages/lib/ext"/>
    <property name="securerandom.source" value="file:/dev/./urandom"/>
    <property name="sun.boot.class.path" value="/usr/java/jdk1.7.0_75/jre/lib/resources.jar:/usr/java/jdk1.7.0_75/jre/lib/rt.jar:/usr/java/jdk1.7.0_75/jre/lib/sunrsasign.jar:/usr/java/jdk1.7.0_75/jre/lib/jsse.jar:/usr/java/jdk1.7.0_75/jre/lib/jce.jar:/usr/java/jdk1.7.0_75/jre/lib/charsets.jar:/usr/java/jdk1.7.0_75/jre/lib/jfr.jar:/usr/java/jdk1.7.0_75/jre/classes"/>
    <property name="java.vendor" value="Oracle Corporation"/>
    <property name="maven.home" value="/java/apache-maven-3.2.5"/>
    <property name="file.separator" value="/"/>
    <property name="java.vendor.url.bug" value="http://bugreport.sun.com/bugreport/"/>
    <property name="sun.cpu.endian" value="little"/>
    <property name="sun.io.unicode.encoding" value="UnicodeLittle"/>
    <property name="sun.cpu.isalist" value=""/>
  </properties>
  <testcase name="setTimeZone" classname="net.opentsdb.utils.TestDateTime" time="0.827"/>
  <testcase name="parseDateTimeStringUnixSeconds" classname="net.opentsdb.utils.TestDateTime" time="0.317"/>
  <testcase name="parseDateTimeStringUnixSecondsZero" classname="net.opentsdb.utils.TestDateTime" time="0.042"/>
  <testcase name="parseDateTimeStringUnixSecondsNegative" classname="net.opentsdb.utils.TestDateTime" time="0.078"/>
  <testcase name="parseDateTimeStringUnixSecondsInvalidLong" classname="net.opentsdb.utils.TestDateTime" time="0.06"/>
  <testcase name="parseDateTimeStringRelativeD" classname="net.opentsdb.utils.TestDateTime" time="0.056"/>
  <testcase name="parseDateTimeStringRelativeD30" classname="net.opentsdb.utils.TestDateTime" time="0.06"/>
  <testcase name="parseDateTimeStringRelativeW" classname="net.opentsdb.utils.TestDateTime" time="0.058"/>
  <testcase name="parseDateTimeStringRelativeN" classname="net.opentsdb.utils.TestDateTime" time="0.033"/>
  <testcase name="parseDateTimeStringRelativeY" classname="net.opentsdb.utils.TestDateTime" time="0.029"/>
  <testcase name="getTimezoneNull" classname="net.opentsdb.utils.TestDateTime" time="0.031"/>
  <testcase name="parseDateTimeStringRelativeS" classname="net.opentsdb.utils.TestDateTime" time="0.068"/>
  <testcase name="getTimezone" classname="net.opentsdb.utils.TestDateTime" time="0.072"/>
  <testcase name="parseDateTimeStringUnixMS" classname="net.opentsdb.utils.TestDateTime" time="0.066"/>
  <testcase name="parseDateTimeStringUnixMSDot" classname="net.opentsdb.utils.TestDateTime" time="0.029"/>
  <testcase name="parseDateTimeStringUnixMSDotInvalid" classname="net.opentsdb.utils.TestDateTime" time="0.05"/>
  <testcase name="parseDateTimeStringUnixMSDotInvalid2" classname="net.opentsdb.utils.TestDateTime" time="0.038"/>
  <testcase name="parseDateTimeStringDate" classname="net.opentsdb.utils.TestDateTime" time="0.031"/>
  <testcase name="parseDateTimeStringDateTimeShort" classname="net.opentsdb.utils.TestDateTime" time="0.054"/>
  <testcase name="parseDateTimeStringDateTimeDashShort" classname="net.opentsdb.utils.TestDateTime" time="0.058"/>
  <testcase name="parseDateTimeStringDateTime" classname="net.opentsdb.utils.TestDateTime" time="0.056"/>
  <testcase name="parseDateTimeStringDateTimeDash" classname="net.opentsdb.utils.TestDateTime" time="0.047"/>
  <testcase name="parseDateTimeStringRelativeM" classname="net.opentsdb.utils.TestDateTime" time="0.033"/>
  <testcase name="parseDateTimeStringRelativeH" classname="net.opentsdb.utils.TestDateTime" time="0.022"/>
  <testcase name="parseDateTimeStringTooBig" classname="net.opentsdb.utils.TestDateTime" time="0.04"/>
  <testcase name="parseDateTimeStringBadFormat" classname="net.opentsdb.utils.TestDateTime" time="0.047"/>
  <testcase name="parseDateTimeStringBadRelative" classname="net.opentsdb.utils.TestDateTime" time="0.05"/>
  <testcase name="parseDateTimeStringNull" classname="net.opentsdb.utils.TestDateTime" time="0.038"/>
  <testcase name="parseDateTimeStringEmpty" classname="net.opentsdb.utils.TestDateTime" time="0.044"/>
  <testcase name="parseDurationMS" classname="net.opentsdb.utils.TestDateTime" time="0.051"/>
  <testcase name="parseDurationS" classname="net.opentsdb.utils.TestDateTime" time="0.032"/>
  <testcase name="parseDurationCase" classname="net.opentsdb.utils.TestDateTime" time="0.032"/>
  <testcase name="parseDurationM" classname="net.opentsdb.utils.TestDateTime" time="0.04"/>
  <testcase name="parseDurationH" classname="net.opentsdb.utils.TestDateTime" time="0.057"/>
  <testcase name="parseDurationD" classname="net.opentsdb.utils.TestDateTime" time="0.027"/>
  <testcase name="parseDurationW" classname="net.opentsdb.utils.TestDateTime" time="0.024"/>
  <testcase name="parseDurationN" classname="net.opentsdb.utils.TestDateTime" time="0.017"/>
  <testcase name="parseDurationY" classname="net.opentsdb.utils.TestDateTime" time="0.019"/>
  <testcase name="parseDurationLongMS" classname="net.opentsdb.utils.TestDateTime" time="0.035"/>
  <testcase name="parseDurationTooLong" classname="net.opentsdb.utils.TestDateTime" time="0.03"/>
  <testcase name="parseDurationNegative" classname="net.opentsdb.utils.TestDateTime" time="0.022"/>
  <testcase name="parseDurationBad" classname="net.opentsdb.utils.TestDateTime" time="0.026"/>
  <testcase name="parseDurationInvalidSuffix" classname="net.opentsdb.utils.TestDateTime" time="0.044"/>
  <testcase name="parseDurationTooBig" classname="net.opentsdb.utils.TestDateTime" time="0.042"/>
  <testcase name="setTimeZoneNullFmt" classname="net.opentsdb.utils.TestDateTime" time="0.053"/>
  <testcase name="setTimeZoneNullTZ" classname="net.opentsdb.utils.TestDateTime" time="0.058"/>
  <testcase name="setTimeZoneBadTZ" classname="net.opentsdb.utils.TestDateTime" time="0.055"/>
  <testcase name="isRelativeDate" classname="net.opentsdb.utils.TestDateTime" time="0.048"/>
  <testcase name="isRelativeDateCase" classname="net.opentsdb.utils.TestDateTime" time="0.047"/>
  <testcase name="isRelativeDateNot" classname="net.opentsdb.utils.TestDateTime" time="0.051"/>
  <testcase name="isRelativeNull" classname="net.opentsdb.utils.TestDateTime" time="0.036"/>
  <testcase name="setDefaultTimezone" classname="net.opentsdb.utils.TestDateTime" time="0.047"/>
  <testcase name="setDefaultTimezoneNull" classname="net.opentsdb.utils.TestDateTime" time="0.022"/>
</testsuite>