<?xml version="1.0" encoding="UTF-8"?>
<testsuite name="net.opentsdb.core.TestInternal" time="13.228" tests="91" errors="0" skipped="0" failures="0">
  <properties>
    <property name="java.runtime.name" value="Java(TM) SE Runtime Environment"/>
    <property name="sun.boot.library.path" value="/usr/java/jdk1.7.0_75/jre/lib/amd64"/>
    <property name="java.vm.version" value="24.75-b04"/>
    <property name="java.vm.vendor" value="Oracle Corporation"/>
    <property name="java.vendor.url" value="http://java.oracle.com/"/>
    <property name="path.separator" value=":"/>
    <property name="guice.disable.misplaced.annotation.check" value="true"/>
    <property name="java.vm.name" value="Java HotSpot(TM) 64-Bit Server VM"/>
    <property name="file.encoding.pkg" value="sun.io"/>
    <property name="user.country" value="US"/>
    <property name="sun.java.launcher" value="SUN_STANDARD"/>
    <property name="sun.os.patch.level" value="unknown"/>
    <property name="java.vm.specification.name" value="Java Virtual Machine Specification"/>
    <property name="user.dir" value="/tsdb/opentsdb-2.1.0RC1"/>
    <property name="java.runtime.version" value="1.7.0_75-b13"/>
    <property name="java.awt.graphicsenv" value="sun.awt.X11GraphicsEnvironment"/>
    <property name="java.endorsed.dirs" value="/usr/java/jdk1.7.0_75/jre/lib/endorsed"/>
    <property name="os.arch" value="amd64"/>
    <property name="java.io.tmpdir" value="/tmp"/>
    <property name="line.separator" value="&#10;"/>
    <property name="java.vm.specification.vendor" value="Oracle Corporation"/>
    <property name="os.name" value="Linux"/>
    <property name="classworlds.conf" value="/java/apache-maven-3.2.5/bin/m2.conf"/>
    <property name="sun.jnu.encoding" value="UTF-8"/>
    <property name="java.library.path" value="/usr/java/packages/lib/amd64:/usr/lib64:/lib64:/lib:/usr/lib"/>
    <property name="java.specification.name" value="Java Platform API Specification"/>
    <property name="java.class.version" value="51.0"/>
    <property name="sun.management.compiler" value="HotSpot 64-Bit Tiered Compilers"/>
    <property name="os.version" value="2.6.32-431.23.3.el6.x86_64"/>
    <property name="user.home" value="/root"/>
    <property name="user.timezone" value="Asia/Shanghai"/>
    <property name="java.awt.printerjob" value="sun.print.PSPrinterJob"/>
    <property name="file.encoding" value="UTF-8"/>
    <property name="java.specification.version" value="1.7"/>
    <property name="user.name" value="root"/>
    <property name="java.class.path" value="/java/apache-maven-3.2.5/boot/plexus-classworlds-2.5.2.jar"/>
    <property name="java.vm.specification.version" value="1.7"/>
    <property name="sun.arch.data.model" value="64"/>
    <property name="java.home" value="/usr/java/jdk1.7.0_75/jre"/>
    <property name="sun.java.command" value="org.codehaus.plexus.classworlds.launcher.Launcher clean install"/>
    <property name="java.specification.vendor" value="Oracle Corporation"/>
    <property name="user.language" value="en"/>
    <property name="awt.toolkit" value="sun.awt.X11.XToolkit"/>
    <property name="java.vm.info" value="mixed mode"/>
    <property name="java.version" value="1.7.0_75"/>
    <property name="java.ext.dirs" value="/usr/java/jdk1.7.0_75/jre/lib/ext:/usr/java/packages/lib/ext"/>
    <property name="securerandom.source" value="file:/dev/./urandom"/>
    <property name="sun.boot.class.path" value="/usr/java/jdk1.7.0_75/jre/lib/resources.jar:/usr/java/jdk1.7.0_75/jre/lib/rt.jar:/usr/java/jdk1.7.0_75/jre/lib/sunrsasign.jar:/usr/java/jdk1.7.0_75/jre/lib/jsse.jar:/usr/java/jdk1.7.0_75/jre/lib/jce.jar:/usr/java/jdk1.7.0_75/jre/lib/charsets.jar:/usr/java/jdk1.7.0_75/jre/lib/jfr.jar:/usr/java/jdk1.7.0_75/jre/classes"/>
    <property name="java.vendor" value="Oracle Corporation"/>
    <property name="maven.home" value="/java/apache-maven-3.2.5"/>
    <property name="file.separator" value="/"/>
    <property name="java.vendor.url.bug" value="http://bugreport.sun.com/bugreport/"/>
    <property name="sun.cpu.endian" value="little"/>
    <property name="sun.io.unicode.encoding" value="UnicodeLittle"/>
    <property name="sun.cpu.isalist" value=""/>
  </properties>
  <testcase name="getOffsetFromQualifierOffsetMixed" classname="net.opentsdb.core.TestInternal" time="0.289"/>
  <testcase name="getFlagsFromQualifierInt" classname="net.opentsdb.core.TestInternal" time="0.027"/>
  <testcase name="getFlagsFromQualifierFloat" classname="net.opentsdb.core.TestInternal" time="0.023"/>
  <testcase name="buildQualifierSecond8ByteLong" classname="net.opentsdb.core.TestInternal" time="0.024"/>
  <testcase name="buildQualifierSecond8ByteLongEOH" classname="net.opentsdb.core.TestInternal" time="0.012"/>
  <testcase name="buildQualifierSecond6ByteLong" classname="net.opentsdb.core.TestInternal" time="0.011"/>
  <testcase name="buildQualifierSecond6ByteLongEOH" classname="net.opentsdb.core.TestInternal" time="0.023"/>
  <testcase name="buildQualifierSecond4ByteLong" classname="net.opentsdb.core.TestInternal" time="0.011"/>
  <testcase name="buildQualifierSecond4ByteLongEOH" classname="net.opentsdb.core.TestInternal" time="0.024"/>
  <testcase name="buildQualifierSecond2ByteLong" classname="net.opentsdb.core.TestInternal" time="0.014"/>
  <testcase name="buildQualifierSecond2ByteLongEOH" classname="net.opentsdb.core.TestInternal" time="0.01"/>
  <testcase name="buildQualifierSecond1ByteLong" classname="net.opentsdb.core.TestInternal" time="0.022"/>
  <testcase name="buildQualifierSecond1ByteLongEOH" classname="net.opentsdb.core.TestInternal" time="0.029"/>
  <testcase name="buildQualifierSecond8ByteFloat" classname="net.opentsdb.core.TestInternal" time="0.025"/>
  <testcase name="buildQualifierSecond8ByteFloatEOH" classname="net.opentsdb.core.TestInternal" time="0.029"/>
  <testcase name="buildQualifierSecond4ByteFloat" classname="net.opentsdb.core.TestInternal" time="0.017"/>
  <testcase name="buildQualifierSecond4ByteFloatEOH" classname="net.opentsdb.core.TestInternal" time="0.012"/>
  <testcase name="buildQualifierMilliSecond8ByteLong" classname="net.opentsdb.core.TestInternal" time="0.022"/>
  <testcase name="buildQualifierMilliSecond8ByteLongEOH" classname="net.opentsdb.core.TestInternal" time="0.016"/>
  <testcase name="buildQualifierMilliSecond6ByteLong" classname="net.opentsdb.core.TestInternal" time="0.029"/>
  <testcase name="buildQualifierMilliSecond6ByteLongEOH" classname="net.opentsdb.core.TestInternal" time="0.019"/>
  <testcase name="buildQualifierMilliSecond4ByteLong" classname="net.opentsdb.core.TestInternal" time="0.022"/>
  <testcase name="buildQualifierMilliSecond4ByteLongEOH" classname="net.opentsdb.core.TestInternal" time="0.018"/>
  <testcase name="buildQualifierMilliSecond2ByteLong" classname="net.opentsdb.core.TestInternal" time="0.017"/>
  <testcase name="buildQualifierMilliSecond2ByteLongEOH" classname="net.opentsdb.core.TestInternal" time="0.016"/>
  <testcase name="buildQualifierMilliSecond1ByteLong" classname="net.opentsdb.core.TestInternal" time="0.026"/>
  <testcase name="buildQualifierMilliSecond0ByteLongEOH" classname="net.opentsdb.core.TestInternal" time="0.023"/>
  <testcase name="buildQualifierMilliSecond8ByteFloat" classname="net.opentsdb.core.TestInternal" time="0.017"/>
  <testcase name="buildQualifierMilliSecond8ByteFloatEOH" classname="net.opentsdb.core.TestInternal" time="0.018"/>
  <testcase name="buildQualifierMilliSecond4ByteFloat" classname="net.opentsdb.core.TestInternal" time="0.018"/>
  <testcase name="buildQualifierMilliSecond4ByteFloatEOH" classname="net.opentsdb.core.TestInternal" time="0.015"/>
  <testcase name="extractQualifierSeconds" classname="net.opentsdb.core.TestInternal" time="0.025"/>
  <testcase name="extractQualifierMilliSeconds" classname="net.opentsdb.core.TestInternal" time="0.015"/>
  <testcase name="extractDataPointsFixFloatingPointValueCorrupt" classname="net.opentsdb.core.TestInternal" time="0.073"/>
  <testcase name="extractDataPointsMixSecondsMs" classname="net.opentsdb.core.TestInternal" time="0.033"/>
  <testcase name="extractDataPointsCompactMs" classname="net.opentsdb.core.TestInternal" time="0.023"/>
  <testcase name="extractDataPointsFixFloatingPointValue" classname="net.opentsdb.core.TestInternal" time="0.016"/>
  <testcase name="extractDataPointsFixQualifierFlags" classname="net.opentsdb.core.TestInternal" time="0.022"/>
  <testcase name="extractDataPointsWithNonDataColumns" classname="net.opentsdb.core.TestInternal" time="0.016"/>
  <testcase name="extractDataPointsWithNonDataColumnsSort" classname="net.opentsdb.core.TestInternal" time="0.02"/>
  <testcase name="extractDataPointsCompactSeconds" classname="net.opentsdb.core.TestInternal" time="0.024"/>
  <testcase name="extractDataPointsCompactSecondsSorting" classname="net.opentsdb.core.TestInternal" time="0.017"/>
  <testcase name="extractDataPointsCompactSecAndMs" classname="net.opentsdb.core.TestInternal" time="0.018"/>
  <testcase name="extractDataPointsCompactCorrupt" classname="net.opentsdb.core.TestInternal" time="0.03"/>
  <testcase name="compareQualifiersLTSecInt" classname="net.opentsdb.core.TestInternal" time="0.014"/>
  <testcase name="compareQualifiersGTSecInt" classname="net.opentsdb.core.TestInternal" time="0.008"/>
  <testcase name="compareQualifiersEQSecInt" classname="net.opentsdb.core.TestInternal" time="0.008"/>
  <testcase name="compareQualifiersLTSecIntAndFloat" classname="net.opentsdb.core.TestInternal" time="0.018"/>
  <testcase name="compareQualifiersGTSecIntAndFloat" classname="net.opentsdb.core.TestInternal" time="0.014"/>
  <testcase name="compareQualifiersEQSecIntAndFloat" classname="net.opentsdb.core.TestInternal" time="0.01"/>
  <testcase name="compareQualifiersGTMsInt" classname="net.opentsdb.core.TestInternal" time="0.014"/>
  <testcase name="compareQualifiersEQMsInt" classname="net.opentsdb.core.TestInternal" time="0.009"/>
  <testcase name="compareQualifiersGTMsIntAndFloat" classname="net.opentsdb.core.TestInternal" time="0.007"/>
  <testcase name="compareQualifiersEQMsIntAndFloat" classname="net.opentsdb.core.TestInternal" time="0.011"/>
  <testcase name="compareQualifiersLTMsAndSecond" classname="net.opentsdb.core.TestInternal" time="0.004"/>
  <testcase name="compareQualifiersGTMsAndSecond" classname="net.opentsdb.core.TestInternal" time="0.01"/>
  <testcase name="compareQualifiersEQMsAndSecond" classname="net.opentsdb.core.TestInternal" time="0.011"/>
  <testcase name="fixQualifierFlags" classname="net.opentsdb.core.TestInternal" time="0.005"/>
  <testcase name="floatingPointValueToFix" classname="net.opentsdb.core.TestInternal" time="0.007"/>
  <testcase name="floatingPointValueToFixNot" classname="net.opentsdb.core.TestInternal" time="0.006"/>
  <testcase name="fixFloatingPointValue" classname="net.opentsdb.core.TestInternal" time="0.002"/>
  <testcase name="fixFloatingPointValueNot" classname="net.opentsdb.core.TestInternal" time="0.005"/>
  <testcase name="fixFloatingPointValueWasInt" classname="net.opentsdb.core.TestInternal" time="0.005"/>
  <testcase name="fixFloatingPointValueCorrupt" classname="net.opentsdb.core.TestInternal" time="0.008"/>
  <testcase name="inMilliseconds" classname="net.opentsdb.core.TestInternal" time="0.006"/>
  <testcase name="inMillisecondsNot" classname="net.opentsdb.core.TestInternal" time="0.006"/>
  <testcase name="getValueLengthFromQualifierInt8" classname="net.opentsdb.core.TestInternal" time="0.009"/>
  <testcase name="getValueLengthFromQualifierInt8also" classname="net.opentsdb.core.TestInternal" time="0.006"/>
  <testcase name="getValueLengthFromQualifierInt1" classname="net.opentsdb.core.TestInternal" time="0.004"/>
  <testcase name="getValueLengthFromQualifierInt4" classname="net.opentsdb.core.TestInternal" time="0.009"/>
  <testcase name="getValueLengthFromQualifierFloat4" classname="net.opentsdb.core.TestInternal" time="0.006"/>
  <testcase name="getValueLengthFromQualifierFloat4also" classname="net.opentsdb.core.TestInternal" time="0.006"/>
  <testcase name="getValueLengthFromQualifierFloat8" classname="net.opentsdb.core.TestInternal" time="0.006"/>
  <testcase name="getValueLengthFromQualifierNull" classname="net.opentsdb.core.TestInternal" time="0.006"/>
  <testcase name="getValueLengthFromQualifierEmpty" classname="net.opentsdb.core.TestInternal" time="0.02"/>
  <testcase name="getValueLengthFromQualifierNegativeOffset" classname="net.opentsdb.core.TestInternal" time="0.01"/>
  <testcase name="getValueLengthFromQualifierBadOffset" classname="net.opentsdb.core.TestInternal" time="0.008"/>
  <testcase name="getQualifierLengthSeconds" classname="net.opentsdb.core.TestInternal" time="0.004"/>
  <testcase name="getQualifierLengthMilliSeconds" classname="net.opentsdb.core.TestInternal" time="0.004"/>
  <testcase name="getQualifierLengthSecondsTooShort" classname="net.opentsdb.core.TestInternal" time="0.013"/>
  <testcase name="getQualifierLengthMilliSecondsTooShort" classname="net.opentsdb.core.TestInternal" time="0.006"/>
  <testcase name="getTimestampFromQualifier" classname="net.opentsdb.core.TestInternal" time="0.006"/>
  <testcase name="getTimestampFromQualifierMs" classname="net.opentsdb.core.TestInternal" time="0.002"/>
  <testcase name="getTimestampFromQualifierMsLarge" classname="net.opentsdb.core.TestInternal" time="6.148"/>
  <testcase name="getOffsetFromQualifier" classname="net.opentsdb.core.TestInternal" time="0.002"/>
  <testcase name="getOffsetFromQualifierMs1ms" classname="net.opentsdb.core.TestInternal" time="0.002"/>
  <testcase name="getOffsetFromQualifierMs" classname="net.opentsdb.core.TestInternal" time="0.004"/>
  <testcase name="getOffsetFromQualifierMs2" classname="net.opentsdb.core.TestInternal" time="0.002"/>
  <testcase name="getOffsetFromQualifierMsLarge" classname="net.opentsdb.core.TestInternal" time="5.537"/>
  <testcase name="getOffsetFromQualifierOffset" classname="net.opentsdb.core.TestInternal" time="0.005"/>
  <testcase name="getOffsetFromQualifierBadOffset" classname="net.opentsdb.core.TestInternal" time="0.005"/>
</testsuite>