<?xml version="1.0" encoding="UTF-8"?>
<testsuite name="net.opentsdb.tools.TestTextImporter" time="5.208" tests="32" errors="0" skipped="0" failures="0">
  <properties>
    <property name="java.runtime.name" value="Java(TM) SE Runtime Environment"/>
    <property name="sun.boot.library.path" value="/usr/java/jdk1.7.0_75/jre/lib/amd64"/>
    <property name="java.vm.version" value="24.75-b04"/>
    <property name="java.vm.vendor" value="Oracle Corporation"/>
    <property name="java.vendor.url" value="http://java.oracle.com/"/>
    <property name="path.separator" value=":"/>
    <property name="guice.disable.misplaced.annotation.check" value="true"/>
    <property name="java.vm.name" value="Java HotSpot(TM) 64-Bit Server VM"/>
    <property name="file.encoding.pkg" value="sun.io"/>
    <property name="user.country" value="US"/>
    <property name="sun.java.launcher" value="SUN_STANDARD"/>
    <property name="sun.os.patch.level" value="unknown"/>
    <property name="java.vm.specification.name" value="Java Virtual Machine Specification"/>
    <property name="user.dir" value="/tsdb/opentsdb-2.1.0RC1"/>
    <property name="java.runtime.version" value="1.7.0_75-b13"/>
    <property name="java.awt.graphicsenv" value="sun.awt.X11GraphicsEnvironment"/>
    <property name="java.endorsed.dirs" value="/usr/java/jdk1.7.0_75/jre/lib/endorsed"/>
    <property name="os.arch" value="amd64"/>
    <property name="java.io.tmpdir" value="/tmp"/>
    <property name="line.separator" value="&#10;"/>
    <property name="java.vm.specification.vendor" value="Oracle Corporation"/>
    <property name="os.name" value="Linux"/>
    <property name="classworlds.conf" value="/java/apache-maven-3.2.5/bin/m2.conf"/>
    <property name="sun.jnu.encoding" value="UTF-8"/>
    <property name="java.library.path" value="/usr/java/packages/lib/amd64:/usr/lib64:/lib64:/lib:/usr/lib"/>
    <property name="java.specification.name" value="Java Platform API Specification"/>
    <property name="java.class.version" value="51.0"/>
    <property name="sun.management.compiler" value="HotSpot 64-Bit Tiered Compilers"/>
    <property name="os.version" value="2.6.32-431.23.3.el6.x86_64"/>
    <property name="user.home" value="/root"/>
    <property name="user.timezone" value="Asia/Shanghai"/>
    <property name="java.awt.printerjob" value="sun.print.PSPrinterJob"/>
    <property name="file.encoding" value="UTF-8"/>
    <property name="java.specification.version" value="1.7"/>
    <property name="user.name" value="root"/>
    <property name="java.class.path" value="/java/apache-maven-3.2.5/boot/plexus-classworlds-2.5.2.jar"/>
    <property name="java.vm.specification.version" value="1.7"/>
    <property name="sun.arch.data.model" value="64"/>
    <property name="java.home" value="/usr/java/jdk1.7.0_75/jre"/>
    <property name="sun.java.command" value="org.codehaus.plexus.classworlds.launcher.Launcher clean install"/>
    <property name="java.specification.vendor" value="Oracle Corporation"/>
    <property name="user.language" value="en"/>
    <property name="awt.toolkit" value="sun.awt.X11.XToolkit"/>
    <property name="java.vm.info" value="mixed mode"/>
    <property name="java.version" value="1.7.0_75"/>
    <property name="java.ext.dirs" value="/usr/java/jdk1.7.0_75/jre/lib/ext:/usr/java/packages/lib/ext"/>
    <property name="securerandom.source" value="file:/dev/./urandom"/>
    <property name="sun.boot.class.path" value="/usr/java/jdk1.7.0_75/jre/lib/resources.jar:/usr/java/jdk1.7.0_75/jre/lib/rt.jar:/usr/java/jdk1.7.0_75/jre/lib/sunrsasign.jar:/usr/java/jdk1.7.0_75/jre/lib/jsse.jar:/usr/java/jdk1.7.0_75/jre/lib/jce.jar:/usr/java/jdk1.7.0_75/jre/lib/charsets.jar:/usr/java/jdk1.7.0_75/jre/lib/jfr.jar:/usr/java/jdk1.7.0_75/jre/classes"/>
    <property name="java.vendor" value="Oracle Corporation"/>
    <property name="maven.home" value="/java/apache-maven-3.2.5"/>
    <property name="file.separator" value="/"/>
    <property name="java.vendor.url.bug" value="http://bugreport.sun.com/bugreport/"/>
    <property name="sun.cpu.endian" value="little"/>
    <property name="sun.io.unicode.encoding" value="UnicodeLittle"/>
    <property name="sun.cpu.isalist" value=""/>
  </properties>
  <testcase name="importFileGoodIntegers1Byte" classname="net.opentsdb.tools.TestTextImporter" time="1.032"/>
  <testcase name="importFileGoodIntegers1ByteNegative" classname="net.opentsdb.tools.TestTextImporter" time="0.445"/>
  <testcase name="importFileGoodIntegers2Byte" classname="net.opentsdb.tools.TestTextImporter" time="0.174"/>
  <testcase name="importFileGoodIntegers2ByteNegative" classname="net.opentsdb.tools.TestTextImporter" time="0.173"/>
  <testcase name="importFileGoodIntegers4Byte" classname="net.opentsdb.tools.TestTextImporter" time="0.143"/>
  <testcase name="importFileGoodIntegers4ByteNegative" classname="net.opentsdb.tools.TestTextImporter" time="0.136"/>
  <testcase name="importFileGoodIntegers8Byte" classname="net.opentsdb.tools.TestTextImporter" time="0.117"/>
  <testcase name="importFileGoodIntegers8ByteNegative" classname="net.opentsdb.tools.TestTextImporter" time="0.144"/>
  <testcase name="importFileTimestampZero" classname="net.opentsdb.tools.TestTextImporter" time="0.229"/>
  <testcase name="importFileTimestampNegative" classname="net.opentsdb.tools.TestTextImporter" time="0.122"/>
  <testcase name="importFileMaxSecondTimestamp" classname="net.opentsdb.tools.TestTextImporter" time="0.109"/>
  <testcase name="importFileMinMSTimestamp" classname="net.opentsdb.tools.TestTextImporter" time="0.108"/>
  <testcase name="importFileMSTimestamp" classname="net.opentsdb.tools.TestTextImporter" time="0.112"/>
  <testcase name="importFileMSTimestampTooBig" classname="net.opentsdb.tools.TestTextImporter" time="0.114"/>
  <testcase name="importFileMSTimestampNegative" classname="net.opentsdb.tools.TestTextImporter" time="0.1"/>
  <testcase name="importFileGoodFloats" classname="net.opentsdb.tools.TestTextImporter" time="0.11"/>
  <testcase name="importFileGoodFloatsNegative" classname="net.opentsdb.tools.TestTextImporter" time="0.112"/>
  <testcase name="importFileNSUTagv" classname="net.opentsdb.tools.TestTextImporter" time="0.142"/>
  <testcase name="importFileNSUTagk" classname="net.opentsdb.tools.TestTextImporter" time="0.112"/>
  <testcase name="importFileNSUMetric" classname="net.opentsdb.tools.TestTextImporter" time="0.157"/>
  <testcase name="importFileEmptyMetric" classname="net.opentsdb.tools.TestTextImporter" time="0.106"/>
  <testcase name="importFileEmptyTimestamp" classname="net.opentsdb.tools.TestTextImporter" time="0.102"/>
  <testcase name="importFileEmptyValue" classname="net.opentsdb.tools.TestTextImporter" time="0.104"/>
  <testcase name="importFileEmptyTags" classname="net.opentsdb.tools.TestTextImporter" time="0.104"/>
  <testcase name="importFileEmptyTagv" classname="net.opentsdb.tools.TestTextImporter" time="0.13"/>
  <testcase name="importFileEmptyTagvEquals" classname="net.opentsdb.tools.TestTextImporter" time="0.104"/>
  <testcase name="importFile0Timestamp" classname="net.opentsdb.tools.TestTextImporter" time="0.111"/>
  <testcase name="importFileNegativeTimestamp" classname="net.opentsdb.tools.TestTextImporter" time="0.148"/>
  <testcase name="importFileSameTimestamp" classname="net.opentsdb.tools.TestTextImporter" time="0.107"/>
  <testcase name="importFileLessthanTimestamp" classname="net.opentsdb.tools.TestTextImporter" time="0.107"/>
  <testcase name="importFileEmptyFile" classname="net.opentsdb.tools.TestTextImporter" time="0.097"/>
  <testcase name="inportFileNotFound" classname="net.opentsdb.tools.TestTextImporter" time="0.097"/>
</testsuite>