<?xml version="1.0" encoding="UTF-8"?>
<testsuite name="net.opentsdb.tsd.TestAnnotationRpc" time="7.09" tests="43" errors="0" skipped="0" failures="0">
  <properties>
    <property name="java.runtime.name" value="Java(TM) SE Runtime Environment"/>
    <property name="sun.boot.library.path" value="/usr/java/jdk1.7.0_75/jre/lib/amd64"/>
    <property name="java.vm.version" value="24.75-b04"/>
    <property name="java.vm.vendor" value="Oracle Corporation"/>
    <property name="java.vendor.url" value="http://java.oracle.com/"/>
    <property name="path.separator" value=":"/>
    <property name="guice.disable.misplaced.annotation.check" value="true"/>
    <property name="java.vm.name" value="Java HotSpot(TM) 64-Bit Server VM"/>
    <property name="file.encoding.pkg" value="sun.io"/>
    <property name="user.country" value="US"/>
    <property name="sun.java.launcher" value="SUN_STANDARD"/>
    <property name="sun.os.patch.level" value="unknown"/>
    <property name="java.vm.specification.name" value="Java Virtual Machine Specification"/>
    <property name="user.dir" value="/tsdb/opentsdb-2.1.0RC1"/>
    <property name="java.runtime.version" value="1.7.0_75-b13"/>
    <property name="java.awt.graphicsenv" value="sun.awt.X11GraphicsEnvironment"/>
    <property name="java.endorsed.dirs" value="/usr/java/jdk1.7.0_75/jre/lib/endorsed"/>
    <property name="os.arch" value="amd64"/>
    <property name="java.io.tmpdir" value="/tmp"/>
    <property name="line.separator" value="&#10;"/>
    <property name="java.vm.specification.vendor" value="Oracle Corporation"/>
    <property name="os.name" value="Linux"/>
    <property name="classworlds.conf" value="/java/apache-maven-3.2.5/bin/m2.conf"/>
    <property name="sun.jnu.encoding" value="UTF-8"/>
    <property name="java.library.path" value="/usr/java/packages/lib/amd64:/usr/lib64:/lib64:/lib:/usr/lib"/>
    <property name="java.specification.name" value="Java Platform API Specification"/>
    <property name="java.class.version" value="51.0"/>
    <property name="sun.management.compiler" value="HotSpot 64-Bit Tiered Compilers"/>
    <property name="os.version" value="2.6.32-431.23.3.el6.x86_64"/>
    <property name="user.home" value="/root"/>
    <property name="user.timezone" value="Asia/Shanghai"/>
    <property name="java.awt.printerjob" value="sun.print.PSPrinterJob"/>
    <property name="file.encoding" value="UTF-8"/>
    <property name="java.specification.version" value="1.7"/>
    <property name="user.name" value="root"/>
    <property name="java.class.path" value="/java/apache-maven-3.2.5/boot/plexus-classworlds-2.5.2.jar"/>
    <property name="java.vm.specification.version" value="1.7"/>
    <property name="sun.arch.data.model" value="64"/>
    <property name="java.home" value="/usr/java/jdk1.7.0_75/jre"/>
    <property name="sun.java.command" value="org.codehaus.plexus.classworlds.launcher.Launcher clean install"/>
    <property name="java.specification.vendor" value="Oracle Corporation"/>
    <property name="user.language" value="en"/>
    <property name="awt.toolkit" value="sun.awt.X11.XToolkit"/>
    <property name="java.vm.info" value="mixed mode"/>
    <property name="java.version" value="1.7.0_75"/>
    <property name="java.ext.dirs" value="/usr/java/jdk1.7.0_75/jre/lib/ext:/usr/java/packages/lib/ext"/>
    <property name="securerandom.source" value="file:/dev/./urandom"/>
    <property name="sun.boot.class.path" value="/usr/java/jdk1.7.0_75/jre/lib/resources.jar:/usr/java/jdk1.7.0_75/jre/lib/rt.jar:/usr/java/jdk1.7.0_75/jre/lib/sunrsasign.jar:/usr/java/jdk1.7.0_75/jre/lib/jsse.jar:/usr/java/jdk1.7.0_75/jre/lib/jce.jar:/usr/java/jdk1.7.0_75/jre/lib/charsets.jar:/usr/java/jdk1.7.0_75/jre/lib/jfr.jar:/usr/java/jdk1.7.0_75/jre/classes"/>
    <property name="java.vendor" value="Oracle Corporation"/>
    <property name="maven.home" value="/java/apache-maven-3.2.5"/>
    <property name="file.separator" value="/"/>
    <property name="java.vendor.url.bug" value="http://bugreport.sun.com/bugreport/"/>
    <property name="sun.cpu.endian" value="little"/>
    <property name="sun.io.unicode.encoding" value="UnicodeLittle"/>
    <property name="sun.cpu.isalist" value=""/>
  </properties>
  <testcase name="getGlobal" classname="net.opentsdb.tsd.TestAnnotationRpc" time="1.909"/>
  <testcase name="getNotFound" classname="net.opentsdb.tsd.TestAnnotationRpc" time="0.272"/>
  <testcase name="badMethod" classname="net.opentsdb.tsd.TestAnnotationRpc" time="0.15"/>
  <testcase name="getGlobalNotFound" classname="net.opentsdb.tsd.TestAnnotationRpc" time="0.137"/>
  <testcase name="getMissingStart" classname="net.opentsdb.tsd.TestAnnotationRpc" time="0.132"/>
  <testcase name="postNew" classname="net.opentsdb.tsd.TestAnnotationRpc" time="0.126"/>
  <testcase name="postNewGlobal" classname="net.opentsdb.tsd.TestAnnotationRpc" time="0.114"/>
  <testcase name="postNewMissingStart" classname="net.opentsdb.tsd.TestAnnotationRpc" time="0.111"/>
  <testcase name="modify" classname="net.opentsdb.tsd.TestAnnotationRpc" time="0.12"/>
  <testcase name="modifyGlobal" classname="net.opentsdb.tsd.TestAnnotationRpc" time="0.257"/>
  <testcase name="modifyPOST" classname="net.opentsdb.tsd.TestAnnotationRpc" time="0.104"/>
  <testcase name="modifyGlobalPOST" classname="net.opentsdb.tsd.TestAnnotationRpc" time="0.104"/>
  <testcase name="modifyPut" classname="net.opentsdb.tsd.TestAnnotationRpc" time="0.105"/>
  <testcase name="modifyPutGlobal" classname="net.opentsdb.tsd.TestAnnotationRpc" time="0.125"/>
  <testcase name="modifyNoChange" classname="net.opentsdb.tsd.TestAnnotationRpc" time="0.113"/>
  <testcase name="deleteGlobal" classname="net.opentsdb.tsd.TestAnnotationRpc" time="0.098"/>
  <testcase name="constructor" classname="net.opentsdb.tsd.TestAnnotationRpc" time="0.131"/>
  <testcase name="bulkBadMethodGet" classname="net.opentsdb.tsd.TestAnnotationRpc" time="0.152"/>
  <testcase name="bulkMissingContent" classname="net.opentsdb.tsd.TestAnnotationRpc" time="0.11"/>
  <testcase name="bulkMissingInvalidContent" classname="net.opentsdb.tsd.TestAnnotationRpc" time="0.121"/>
  <testcase name="bulkMissingInvalidSingleObject" classname="net.opentsdb.tsd.TestAnnotationRpc" time="0.1"/>
  <testcase name="bulkModifyPOST" classname="net.opentsdb.tsd.TestAnnotationRpc" time="0.116"/>
  <testcase name="bulkModifyGlobalPOST" classname="net.opentsdb.tsd.TestAnnotationRpc" time="0.107"/>
  <testcase name="bulkModifyPOSTMissingStart" classname="net.opentsdb.tsd.TestAnnotationRpc" time="0.132"/>
  <testcase name="bulkModifyPut" classname="net.opentsdb.tsd.TestAnnotationRpc" time="0.106"/>
  <testcase name="bulkModifyPutGlobal" classname="net.opentsdb.tsd.TestAnnotationRpc" time="0.12"/>
  <testcase name="bulkDelete" classname="net.opentsdb.tsd.TestAnnotationRpc" time="0.269"/>
  <testcase name="bulkDeleteNotFound" classname="net.opentsdb.tsd.TestAnnotationRpc" time="0.107"/>
  <testcase name="bulkDeleteAllTime" classname="net.opentsdb.tsd.TestAnnotationRpc" time="0.118"/>
  <testcase name="bulkDeleteGlobal" classname="net.opentsdb.tsd.TestAnnotationRpc" time="0.121"/>
  <testcase name="bulkDeleteGlobalNotFound" classname="net.opentsdb.tsd.TestAnnotationRpc" time="0.107"/>
  <testcase name="bulkDeleteGlobalAllTime" classname="net.opentsdb.tsd.TestAnnotationRpc" time="0.099"/>
  <testcase name="bulkDeleteMissingStart" classname="net.opentsdb.tsd.TestAnnotationRpc" time="0.092"/>
  <testcase name="bulkDeleteMissingTsuidsAndGlobal" classname="net.opentsdb.tsd.TestAnnotationRpc" time="0.099"/>
  <testcase name="bulkDeleteEmptyTsuids" classname="net.opentsdb.tsd.TestAnnotationRpc" time="0.12"/>
  <testcase name="bulkDeleteDELETE" classname="net.opentsdb.tsd.TestAnnotationRpc" time="0.107"/>
  <testcase name="bulkDeleteGlobalDELETE" classname="net.opentsdb.tsd.TestAnnotationRpc" time="0.1"/>
  <testcase name="bulkDeleteMissingStartDELETE" classname="net.opentsdb.tsd.TestAnnotationRpc" time="0.093"/>
  <testcase name="bulkDeleteEmptyTsuidsDELETE" classname="net.opentsdb.tsd.TestAnnotationRpc" time="0.112"/>
  <testcase name="bulkDeleteNoBodyDELETE" classname="net.opentsdb.tsd.TestAnnotationRpc" time="0.093"/>
  <testcase name="bulkDeleteBadJSONDELETE" classname="net.opentsdb.tsd.TestAnnotationRpc" time="0.091"/>
  <testcase name="get" classname="net.opentsdb.tsd.TestAnnotationRpc" time="0.092"/>
  <testcase name="delete" classname="net.opentsdb.tsd.TestAnnotationRpc" time="0.098"/>
</testsuite>