<?xml version="1.0" encoding="UTF-8"?>
<testsuite name="net.opentsdb.tsd.TestHttpQuery" time="5.977" tests="134" errors="0" skipped="0" failures="0">
  <properties>
    <property name="java.runtime.name" value="Java(TM) SE Runtime Environment"/>
    <property name="sun.boot.library.path" value="/usr/java/jdk1.7.0_75/jre/lib/amd64"/>
    <property name="java.vm.version" value="24.75-b04"/>
    <property name="java.vm.vendor" value="Oracle Corporation"/>
    <property name="java.vendor.url" value="http://java.oracle.com/"/>
    <property name="path.separator" value=":"/>
    <property name="guice.disable.misplaced.annotation.check" value="true"/>
    <property name="java.vm.name" value="Java HotSpot(TM) 64-Bit Server VM"/>
    <property name="file.encoding.pkg" value="sun.io"/>
    <property name="user.country" value="US"/>
    <property name="sun.java.launcher" value="SUN_STANDARD"/>
    <property name="sun.os.patch.level" value="unknown"/>
    <property name="java.vm.specification.name" value="Java Virtual Machine Specification"/>
    <property name="user.dir" value="/tsdb/opentsdb-2.1.0RC1"/>
    <property name="java.runtime.version" value="1.7.0_75-b13"/>
    <property name="java.awt.graphicsenv" value="sun.awt.X11GraphicsEnvironment"/>
    <property name="java.endorsed.dirs" value="/usr/java/jdk1.7.0_75/jre/lib/endorsed"/>
    <property name="os.arch" value="amd64"/>
    <property name="java.io.tmpdir" value="/tmp"/>
    <property name="line.separator" value="&#10;"/>
    <property name="java.vm.specification.vendor" value="Oracle Corporation"/>
    <property name="os.name" value="Linux"/>
    <property name="classworlds.conf" value="/java/apache-maven-3.2.5/bin/m2.conf"/>
    <property name="sun.jnu.encoding" value="UTF-8"/>
    <property name="java.library.path" value="/usr/java/packages/lib/amd64:/usr/lib64:/lib64:/lib:/usr/lib"/>
    <property name="java.specification.name" value="Java Platform API Specification"/>
    <property name="java.class.version" value="51.0"/>
    <property name="sun.management.compiler" value="HotSpot 64-Bit Tiered Compilers"/>
    <property name="os.version" value="2.6.32-431.23.3.el6.x86_64"/>
    <property name="user.home" value="/root"/>
    <property name="user.timezone" value="Asia/Shanghai"/>
    <property name="java.awt.printerjob" value="sun.print.PSPrinterJob"/>
    <property name="file.encoding" value="UTF-8"/>
    <property name="java.specification.version" value="1.7"/>
    <property name="user.name" value="root"/>
    <property name="java.class.path" value="/java/apache-maven-3.2.5/boot/plexus-classworlds-2.5.2.jar"/>
    <property name="java.vm.specification.version" value="1.7"/>
    <property name="sun.arch.data.model" value="64"/>
    <property name="java.home" value="/usr/java/jdk1.7.0_75/jre"/>
    <property name="sun.java.command" value="org.codehaus.plexus.classworlds.launcher.Launcher clean install"/>
    <property name="java.specification.vendor" value="Oracle Corporation"/>
    <property name="user.language" value="en"/>
    <property name="awt.toolkit" value="sun.awt.X11.XToolkit"/>
    <property name="java.vm.info" value="mixed mode"/>
    <property name="java.version" value="1.7.0_75"/>
    <property name="java.ext.dirs" value="/usr/java/jdk1.7.0_75/jre/lib/ext:/usr/java/packages/lib/ext"/>
    <property name="securerandom.source" value="file:/dev/./urandom"/>
    <property name="sun.boot.class.path" value="/usr/java/jdk1.7.0_75/jre/lib/resources.jar:/usr/java/jdk1.7.0_75/jre/lib/rt.jar:/usr/java/jdk1.7.0_75/jre/lib/sunrsasign.jar:/usr/java/jdk1.7.0_75/jre/lib/jsse.jar:/usr/java/jdk1.7.0_75/jre/lib/jce.jar:/usr/java/jdk1.7.0_75/jre/lib/charsets.jar:/usr/java/jdk1.7.0_75/jre/lib/jfr.jar:/usr/java/jdk1.7.0_75/jre/classes"/>
    <property name="java.vendor" value="Oracle Corporation"/>
    <property name="maven.home" value="/java/apache-maven-3.2.5"/>
    <property name="file.separator" value="/"/>
    <property name="java.vendor.url.bug" value="http://bugreport.sun.com/bugreport/"/>
    <property name="sun.cpu.endian" value="little"/>
    <property name="sun.io.unicode.encoding" value="UnicodeLittle"/>
    <property name="sun.cpu.isalist" value=""/>
  </properties>
  <testcase name="getContentEncoding" classname="net.opentsdb.tsd.TestHttpQuery" time="0.695"/>
  <testcase name="guessMimeTypeFromUriICO" classname="net.opentsdb.tsd.TestHttpQuery" time="0.051"/>
  <testcase name="guessMimeTypeFromUriOther" classname="net.opentsdb.tsd.TestHttpQuery" time="0.051"/>
  <testcase name="guessMimeTypeFromUriNull" classname="net.opentsdb.tsd.TestHttpQuery" time="0.036"/>
  <testcase name="guessMimeTypeFromUriEmpty" classname="net.opentsdb.tsd.TestHttpQuery" time="0.03"/>
  <testcase name="guessMimeTypeFromContentsHTML" classname="net.opentsdb.tsd.TestHttpQuery" time="0.051"/>
  <testcase name="guessMimeTypeFromContentsJSONObj" classname="net.opentsdb.tsd.TestHttpQuery" time="0.038"/>
  <testcase name="guessMimeTypeFromContentsJSONArray" classname="net.opentsdb.tsd.TestHttpQuery" time="0.032"/>
  <testcase name="guessMimeTypeFromContentsPNG" classname="net.opentsdb.tsd.TestHttpQuery" time="0.024"/>
  <testcase name="guessMimeTypeFromContentsText" classname="net.opentsdb.tsd.TestHttpQuery" time="0.014"/>
  <testcase name="guessMimeTypeFromContentsEmpty" classname="net.opentsdb.tsd.TestHttpQuery" time="0.093"/>
  <testcase name="guessMimeTypeFromContentsNull" classname="net.opentsdb.tsd.TestHttpQuery" time="0.044"/>
  <testcase name="initializeSerializerMaps" classname="net.opentsdb.tsd.TestHttpQuery" time="0.104"/>
  <testcase name="setFormatterQS" classname="net.opentsdb.tsd.TestHttpQuery" time="0.12"/>
  <testcase name="setSerializerDummyQS" classname="net.opentsdb.tsd.TestHttpQuery" time="0.074"/>
  <testcase name="setSerializerCT" classname="net.opentsdb.tsd.TestHttpQuery" time="0.146"/>
  <testcase name="setSerializerDummyCT" classname="net.opentsdb.tsd.TestHttpQuery" time="0.116"/>
  <testcase name="setSerializerDefaultCT" classname="net.opentsdb.tsd.TestHttpQuery" time="0.096"/>
  <testcase name="setSerializerNotFound" classname="net.opentsdb.tsd.TestHttpQuery" time="0.093"/>
  <testcase name="internalErrorDeprecated" classname="net.opentsdb.tsd.TestHttpQuery" time="0.096"/>
  <testcase name="internalErrorDeprecatedJSON" classname="net.opentsdb.tsd.TestHttpQuery" time="2.028"/>
  <testcase name="internalErrorDefaultSerializer" classname="net.opentsdb.tsd.TestHttpQuery" time="0.041"/>
  <testcase name="internalErrorNull" classname="net.opentsdb.tsd.TestHttpQuery" time="0.022"/>
  <testcase name="badRequestDeprecated" classname="net.opentsdb.tsd.TestHttpQuery" time="0.05"/>
  <testcase name="badRequestDeprecatedJSON" classname="net.opentsdb.tsd.TestHttpQuery" time="0.032"/>
  <testcase name="badRequestDefaultSerializer" classname="net.opentsdb.tsd.TestHttpQuery" time="0.057"/>
  <testcase name="badRequestDefaultSerializerDiffStatus" classname="net.opentsdb.tsd.TestHttpQuery" time="0.041"/>
  <testcase name="badRequestDefaultSerializerDetails" classname="net.opentsdb.tsd.TestHttpQuery" time="0.035"/>
  <testcase name="badRequestNull" classname="net.opentsdb.tsd.TestHttpQuery" time="0.016"/>
  <testcase name="badRequestDeprecatedString" classname="net.opentsdb.tsd.TestHttpQuery" time="0.038"/>
  <testcase name="badRequestDeprecatedJSONString" classname="net.opentsdb.tsd.TestHttpQuery" time="0.044"/>
  <testcase name="badRequestDefaultSerializerString" classname="net.opentsdb.tsd.TestHttpQuery" time="0.051"/>
  <testcase name="badRequestNullString" classname="net.opentsdb.tsd.TestHttpQuery" time="0.054"/>
  <testcase name="notFoundDeprecated" classname="net.opentsdb.tsd.TestHttpQuery" time="0.04"/>
  <testcase name="notFoundDeprecatedJSON" classname="net.opentsdb.tsd.TestHttpQuery" time="0.042"/>
  <testcase name="notFoundDefaultSerializer" classname="net.opentsdb.tsd.TestHttpQuery" time="0.039"/>
  <testcase name="redirect" classname="net.opentsdb.tsd.TestHttpQuery" time="0.034"/>
  <testcase name="redirectNull" classname="net.opentsdb.tsd.TestHttpQuery" time="0.015"/>
  <testcase name="escapeJson" classname="net.opentsdb.tsd.TestHttpQuery" time="0.05"/>
  <testcase name="sendReplyBytes" classname="net.opentsdb.tsd.TestHttpQuery" time="0.028"/>
  <testcase name="sendReplyBytesNull" classname="net.opentsdb.tsd.TestHttpQuery" time="0.018"/>
  <testcase name="sendReplyStatusBytes" classname="net.opentsdb.tsd.TestHttpQuery" time="0.034"/>
  <testcase name="sendReplyStatusBytesNullStatus" classname="net.opentsdb.tsd.TestHttpQuery" time="0.013"/>
  <testcase name="sendReplyStatusBytesNullBytes" classname="net.opentsdb.tsd.TestHttpQuery" time="0.014"/>
  <testcase name="sendReplySB" classname="net.opentsdb.tsd.TestHttpQuery" time="0.027"/>
  <testcase name="sendReplySBNull" classname="net.opentsdb.tsd.TestHttpQuery" time="0.015"/>
  <testcase name="sendReplyString" classname="net.opentsdb.tsd.TestHttpQuery" time="0.03"/>
  <testcase name="sendReplyStringNull" classname="net.opentsdb.tsd.TestHttpQuery" time="0.013"/>
  <testcase name="sendReplyStatusSB" classname="net.opentsdb.tsd.TestHttpQuery" time="0.023"/>
  <testcase name="sendReplyStatusSBNullStatus" classname="net.opentsdb.tsd.TestHttpQuery" time="0.016"/>
  <testcase name="sendReplyStatusSBNullSB" classname="net.opentsdb.tsd.TestHttpQuery" time="0.013"/>
  <testcase name="sendReplyCB" classname="net.opentsdb.tsd.TestHttpQuery" time="0.028"/>
  <testcase name="sendReplyCBNull" classname="net.opentsdb.tsd.TestHttpQuery" time="0.014"/>
  <testcase name="sendReplyStatusCB" classname="net.opentsdb.tsd.TestHttpQuery" time="0.021"/>
  <testcase name="sendReplyStatusCBNullStatus" classname="net.opentsdb.tsd.TestHttpQuery" time="0.012"/>
  <testcase name="sendReplyStatusCBNullCB" classname="net.opentsdb.tsd.TestHttpQuery" time="0.013"/>
  <testcase name="sendStatusOnly" classname="net.opentsdb.tsd.TestHttpQuery" time="0.03"/>
  <testcase name="sendStatusOnlyNull" classname="net.opentsdb.tsd.TestHttpQuery" time="0.012"/>
  <testcase name="sendBufferEmptyCB" classname="net.opentsdb.tsd.TestHttpQuery" time="0.029"/>
  <testcase name="sendBufferNullStatus" classname="net.opentsdb.tsd.TestHttpQuery" time="0.013"/>
  <testcase name="sendBufferNullCB" classname="net.opentsdb.tsd.TestHttpQuery" time="0.012"/>
  <testcase name="getSerializerStatus" classname="net.opentsdb.tsd.TestHttpQuery" time="0.058"/>
  <testcase name="getQueryStringEmpty" classname="net.opentsdb.tsd.TestHttpQuery" time="0.012"/>
  <testcase name="getQueryStringMulti" classname="net.opentsdb.tsd.TestHttpQuery" time="0.014"/>
  <testcase name="getQueryStringNULL" classname="net.opentsdb.tsd.TestHttpQuery" time="0.011"/>
  <testcase name="getQueryStringParam" classname="net.opentsdb.tsd.TestHttpQuery" time="0.013"/>
  <testcase name="getQueryPathA" classname="net.opentsdb.tsd.TestHttpQuery" time="0.012"/>
  <testcase name="getQueryStringParamNull" classname="net.opentsdb.tsd.TestHttpQuery" time="0.009"/>
  <testcase name="getRequiredQueryStringParam" classname="net.opentsdb.tsd.TestHttpQuery" time="0.012"/>
  <testcase name="getRequiredQueryStringParamMissing" classname="net.opentsdb.tsd.TestHttpQuery" time="0.023"/>
  <testcase name="hasQueryStringParam" classname="net.opentsdb.tsd.TestHttpQuery" time="0.01"/>
  <testcase name="hasQueryStringMissing" classname="net.opentsdb.tsd.TestHttpQuery" time="0.012"/>
  <testcase name="getQueryStringParams" classname="net.opentsdb.tsd.TestHttpQuery" time="0.013"/>
  <testcase name="getQueryStringParamsNull" classname="net.opentsdb.tsd.TestHttpQuery" time="0.007"/>
  <testcase name="getQueryPathB" classname="net.opentsdb.tsd.TestHttpQuery" time="0.016"/>
  <testcase name="getQueryPathNull" classname="net.opentsdb.tsd.TestHttpQuery" time="0.007"/>
  <testcase name="explodePath" classname="net.opentsdb.tsd.TestHttpQuery" time="0.021"/>
  <testcase name="getQueryString" classname="net.opentsdb.tsd.TestHttpQuery" time="0.013"/>
  <testcase name="sendBuffer" classname="net.opentsdb.tsd.TestHttpQuery" time="0.021"/>
  <testcase name="explodePathEmpty" classname="net.opentsdb.tsd.TestHttpQuery" time="0.012"/>
  <testcase name="explodePathNull" classname="net.opentsdb.tsd.TestHttpQuery" time="0.005"/>
  <testcase name="getQueryBaseRouteRoot" classname="net.opentsdb.tsd.TestHttpQuery" time="0.015"/>
  <testcase name="explodeAPIPath" classname="net.opentsdb.tsd.TestHttpQuery" time="0.016"/>
  <testcase name="explodeAPIPathNoVersion" classname="net.opentsdb.tsd.TestHttpQuery" time="0.013"/>
  <testcase name="explodeAPIPathExtended" classname="net.opentsdb.tsd.TestHttpQuery" time="0.011"/>
  <testcase name="explodeAPIPathExtendedNoVersion" classname="net.opentsdb.tsd.TestHttpQuery" time="0.011"/>
  <testcase name="explodeAPIPathCase" classname="net.opentsdb.tsd.TestHttpQuery" time="0.012"/>
  <testcase name="explodeAPIPathRoot" classname="net.opentsdb.tsd.TestHttpQuery" time="0.012"/>
  <testcase name="explodeAPIPathRootVersion" classname="net.opentsdb.tsd.TestHttpQuery" time="0.019"/>
  <testcase name="explodeAPIPathNotAPI" classname="net.opentsdb.tsd.TestHttpQuery" time="0.014"/>
  <testcase name="explodeAPIPathHome" classname="net.opentsdb.tsd.TestHttpQuery" time="0.012"/>
  <testcase name="getQueryBaseRouteRootQS" classname="net.opentsdb.tsd.TestHttpQuery" time="0.008"/>
  <testcase name="getQueryBaseRouteQ" classname="net.opentsdb.tsd.TestHttpQuery" time="0.009"/>
  <testcase name="getQueryBaseRouteQSlash" classname="net.opentsdb.tsd.TestHttpQuery" time="0.015"/>
  <testcase name="getQueryBaseRouteLogs" classname="net.opentsdb.tsd.TestHttpQuery" time="0.02"/>
  <testcase name="getQueryBaseRouteAPIVNotImplemented" classname="net.opentsdb.tsd.TestHttpQuery" time="0.016"/>
  <testcase name="getQueryBaseRouteAPICap" classname="net.opentsdb.tsd.TestHttpQuery" time="0.017"/>
  <testcase name="getQueryBaseRouteAPIDefaultV" classname="net.opentsdb.tsd.TestHttpQuery" time="0.013"/>
  <testcase name="getQueryBaseRouteAPIQS" classname="net.opentsdb.tsd.TestHttpQuery" time="0.016"/>
  <testcase name="getQueryBaseRouteAPINoEP" classname="net.opentsdb.tsd.TestHttpQuery" time="0.016"/>
  <testcase name="getQueryBaseRouteAPINoEPSlash" classname="net.opentsdb.tsd.TestHttpQuery" time="0.008"/>
  <testcase name="getQueryBaseRouteFavicon" classname="net.opentsdb.tsd.TestHttpQuery" time="0.008"/>
  <testcase name="getQueryBaseRouteVersion" classname="net.opentsdb.tsd.TestHttpQuery" time="0.014"/>
  <testcase name="getQueryBaseRouteVBadNumber" classname="net.opentsdb.tsd.TestHttpQuery" time="0.014"/>
  <testcase name="getQueryBaseRouteNull" classname="net.opentsdb.tsd.TestHttpQuery" time="0.006"/>
  <testcase name="getQueryBaseRouteBad" classname="net.opentsdb.tsd.TestHttpQuery" time="0.009"/>
  <testcase name="getQueryBaseRouteEmpty" classname="net.opentsdb.tsd.TestHttpQuery" time="0.006"/>
  <testcase name="getCharsetDefault" classname="net.opentsdb.tsd.TestHttpQuery" time="0.004"/>
  <testcase name="getCharsetDefaultNoHeader" classname="net.opentsdb.tsd.TestHttpQuery" time="0.003"/>
  <testcase name="getCharsetSupplied" classname="net.opentsdb.tsd.TestHttpQuery" time="0.003"/>
  <testcase name="getCharsetInvalid" classname="net.opentsdb.tsd.TestHttpQuery" time="0.025"/>
  <testcase name="hasContent" classname="net.opentsdb.tsd.TestHttpQuery" time="0.003"/>
  <testcase name="hasContentFalse" classname="net.opentsdb.tsd.TestHttpQuery" time="0.01"/>
  <testcase name="hasContentNotReadable" classname="net.opentsdb.tsd.TestHttpQuery" time="0.004"/>
  <testcase name="getContentDefault" classname="net.opentsdb.tsd.TestHttpQuery" time="0.004"/>
  <testcase name="getContentBadEncoding" classname="net.opentsdb.tsd.TestHttpQuery" time="0.006"/>
  <testcase name="getContentEmpty" classname="net.opentsdb.tsd.TestHttpQuery" time="0.004"/>
  <testcase name="getAPIMethodGet" classname="net.opentsdb.tsd.TestHttpQuery" time="0.003"/>
  <testcase name="getAPIMethodPost" classname="net.opentsdb.tsd.TestHttpQuery" time="0.003"/>
  <testcase name="getAPIMethodPut" classname="net.opentsdb.tsd.TestHttpQuery" time="0.011"/>
  <testcase name="getAPIMethodDelete" classname="net.opentsdb.tsd.TestHttpQuery" time="0.003"/>
  <testcase name="getAPIMethodOverrideGet" classname="net.opentsdb.tsd.TestHttpQuery" time="0.003"/>
  <testcase name="getAPIMethodOverridePost" classname="net.opentsdb.tsd.TestHttpQuery" time="0.004"/>
  <testcase name="getAPIMethodOverridePut" classname="net.opentsdb.tsd.TestHttpQuery" time="0.004"/>
  <testcase name="getAPIMethodOverrideDelete" classname="net.opentsdb.tsd.TestHttpQuery" time="0.011"/>
  <testcase name="getAPIMethodOverrideDeleteCase" classname="net.opentsdb.tsd.TestHttpQuery" time="0.012"/>
  <testcase name="getAPIMethodOverrideMissingValue" classname="net.opentsdb.tsd.TestHttpQuery" time="0.004"/>
  <testcase name="getAPIMethodOverrideInvalidMEthod" classname="net.opentsdb.tsd.TestHttpQuery" time="0.009"/>
  <testcase name="guessMimeTypeFromUriPNG" classname="net.opentsdb.tsd.TestHttpQuery" time="0.006"/>
  <testcase name="guessMimeTypeFromUriHTML" classname="net.opentsdb.tsd.TestHttpQuery" time="0.004"/>
  <testcase name="guessMimeTypeFromUriCSS" classname="net.opentsdb.tsd.TestHttpQuery" time="0.006"/>
  <testcase name="guessMimeTypeFromUriJS" classname="net.opentsdb.tsd.TestHttpQuery" time="0.009"/>
  <testcase name="guessMimeTypeFromUriGIF" classname="net.opentsdb.tsd.TestHttpQuery" time="0.005"/>
  <testcase name="setSerializer" classname="net.opentsdb.tsd.TestHttpQuery" time="0.022"/>
</testsuite>