<?xml version="1.0" encoding="UTF-8"?>
<testsuite name="net.opentsdb.core.TestTsdbQuery" time="125.719" tests="96" errors="0" skipped="0" failures="0">
  <properties>
    <property name="java.runtime.name" value="Java(TM) SE Runtime Environment"/>
    <property name="sun.boot.library.path" value="/usr/java/jdk1.7.0_75/jre/lib/amd64"/>
    <property name="java.vm.version" value="24.75-b04"/>
    <property name="java.vm.vendor" value="Oracle Corporation"/>
    <property name="java.vendor.url" value="http://java.oracle.com/"/>
    <property name="path.separator" value=":"/>
    <property name="guice.disable.misplaced.annotation.check" value="true"/>
    <property name="java.vm.name" value="Java HotSpot(TM) 64-Bit Server VM"/>
    <property name="file.encoding.pkg" value="sun.io"/>
    <property name="user.country" value="US"/>
    <property name="sun.java.launcher" value="SUN_STANDARD"/>
    <property name="sun.os.patch.level" value="unknown"/>
    <property name="java.vm.specification.name" value="Java Virtual Machine Specification"/>
    <property name="user.dir" value="/tsdb/opentsdb-2.1.0RC1"/>
    <property name="java.runtime.version" value="1.7.0_75-b13"/>
    <property name="java.awt.graphicsenv" value="sun.awt.X11GraphicsEnvironment"/>
    <property name="java.endorsed.dirs" value="/usr/java/jdk1.7.0_75/jre/lib/endorsed"/>
    <property name="os.arch" value="amd64"/>
    <property name="java.io.tmpdir" value="/tmp"/>
    <property name="line.separator" value="&#10;"/>
    <property name="java.vm.specification.vendor" value="Oracle Corporation"/>
    <property name="os.name" value="Linux"/>
    <property name="classworlds.conf" value="/java/apache-maven-3.2.5/bin/m2.conf"/>
    <property name="sun.jnu.encoding" value="UTF-8"/>
    <property name="java.library.path" value="/usr/java/packages/lib/amd64:/usr/lib64:/lib64:/lib:/usr/lib"/>
    <property name="java.specification.name" value="Java Platform API Specification"/>
    <property name="java.class.version" value="51.0"/>
    <property name="sun.management.compiler" value="HotSpot 64-Bit Tiered Compilers"/>
    <property name="os.version" value="2.6.32-431.23.3.el6.x86_64"/>
    <property name="user.home" value="/root"/>
    <property name="user.timezone" value="Asia/Shanghai"/>
    <property name="java.awt.printerjob" value="sun.print.PSPrinterJob"/>
    <property name="file.encoding" value="UTF-8"/>
    <property name="java.specification.version" value="1.7"/>
    <property name="user.name" value="root"/>
    <property name="java.class.path" value="/java/apache-maven-3.2.5/boot/plexus-classworlds-2.5.2.jar"/>
    <property name="java.vm.specification.version" value="1.7"/>
    <property name="sun.arch.data.model" value="64"/>
    <property name="java.home" value="/usr/java/jdk1.7.0_75/jre"/>
    <property name="sun.java.command" value="org.codehaus.plexus.classworlds.launcher.Launcher clean install"/>
    <property name="java.specification.vendor" value="Oracle Corporation"/>
    <property name="user.language" value="en"/>
    <property name="awt.toolkit" value="sun.awt.X11.XToolkit"/>
    <property name="java.vm.info" value="mixed mode"/>
    <property name="java.version" value="1.7.0_75"/>
    <property name="java.ext.dirs" value="/usr/java/jdk1.7.0_75/jre/lib/ext:/usr/java/packages/lib/ext"/>
    <property name="securerandom.source" value="file:/dev/./urandom"/>
    <property name="sun.boot.class.path" value="/usr/java/jdk1.7.0_75/jre/lib/resources.jar:/usr/java/jdk1.7.0_75/jre/lib/rt.jar:/usr/java/jdk1.7.0_75/jre/lib/sunrsasign.jar:/usr/java/jdk1.7.0_75/jre/lib/jsse.jar:/usr/java/jdk1.7.0_75/jre/lib/jce.jar:/usr/java/jdk1.7.0_75/jre/lib/charsets.jar:/usr/java/jdk1.7.0_75/jre/lib/jfr.jar:/usr/java/jdk1.7.0_75/jre/classes"/>
    <property name="java.vendor" value="Oracle Corporation"/>
    <property name="maven.home" value="/java/apache-maven-3.2.5"/>
    <property name="file.separator" value="/"/>
    <property name="java.vendor.url.bug" value="http://bugreport.sun.com/bugreport/"/>
    <property name="sun.cpu.endian" value="little"/>
    <property name="sun.io.unicode.encoding" value="UnicodeLittle"/>
    <property name="sun.cpu.isalist" value=""/>
  </properties>
  <testcase name="runRateCounterDefaultNoOp" classname="net.opentsdb.core.TestTsdbQuery" time="1.856"/>
  <testcase name="runRateCounterMaxSet" classname="net.opentsdb.core.TestTsdbQuery" time="0.388"/>
  <testcase name="runRateCounterAnomally" classname="net.opentsdb.core.TestTsdbQuery" time="0.316"/>
  <testcase name="runMultiCompact" classname="net.opentsdb.core.TestTsdbQuery" time="0.181"/>
  <testcase name="runMultiCompactAndSingles" classname="net.opentsdb.core.TestTsdbQuery" time="0.158"/>
  <testcase name="runInterpolationSeconds" classname="net.opentsdb.core.TestTsdbQuery" time="3.049"/>
  <testcase name="runInterpolationMs" classname="net.opentsdb.core.TestTsdbQuery" time="2.443"/>
  <testcase name="runInterpolationMsDownsampled" classname="net.opentsdb.core.TestTsdbQuery" time="1.373"/>
  <testcase name="runZimSum" classname="net.opentsdb.core.TestTsdbQuery" time="2.239"/>
  <testcase name="runZimSumFloat" classname="net.opentsdb.core.TestTsdbQuery" time="2.15"/>
  <testcase name="runZimSumOffset" classname="net.opentsdb.core.TestTsdbQuery" time="1.904"/>
  <testcase name="runZimSumFloatOffset" classname="net.opentsdb.core.TestTsdbQuery" time="2.477"/>
  <testcase name="runMin" classname="net.opentsdb.core.TestTsdbQuery" time="1.734"/>
  <testcase name="runMinFloat" classname="net.opentsdb.core.TestTsdbQuery" time="1.793"/>
  <testcase name="runMinOffset" classname="net.opentsdb.core.TestTsdbQuery" time="1.932"/>
  <testcase name="runMinFloatOffset" classname="net.opentsdb.core.TestTsdbQuery" time="2.306"/>
  <testcase name="runMax" classname="net.opentsdb.core.TestTsdbQuery" time="1.696"/>
  <testcase name="runMaxFloat" classname="net.opentsdb.core.TestTsdbQuery" time="1.807"/>
  <testcase name="runMaxOffset" classname="net.opentsdb.core.TestTsdbQuery" time="1.637"/>
  <testcase name="runMaxFloatOffset" classname="net.opentsdb.core.TestTsdbQuery" time="2.881"/>
  <testcase name="runAvg" classname="net.opentsdb.core.TestTsdbQuery" time="1.689"/>
  <testcase name="runAvgFloat" classname="net.opentsdb.core.TestTsdbQuery" time="1.845"/>
  <testcase name="runAvgOffset" classname="net.opentsdb.core.TestTsdbQuery" time="2.458"/>
  <testcase name="runAvgFloatOffset" classname="net.opentsdb.core.TestTsdbQuery" time="1.535"/>
  <testcase name="runDev" classname="net.opentsdb.core.TestTsdbQuery" time="2.197"/>
  <testcase name="runDevFloat" classname="net.opentsdb.core.TestTsdbQuery" time="1.61"/>
  <testcase name="runDevOffset" classname="net.opentsdb.core.TestTsdbQuery" time="1.52"/>
  <testcase name="runDevFloatOffset" classname="net.opentsdb.core.TestTsdbQuery" time="1.569"/>
  <testcase name="runMimMin" classname="net.opentsdb.core.TestTsdbQuery" time="1.478"/>
  <testcase name="runMimMinOffset" classname="net.opentsdb.core.TestTsdbQuery" time="1.912"/>
  <testcase name="runMimMinFloat" classname="net.opentsdb.core.TestTsdbQuery" time="1.979"/>
  <testcase name="runMimMinFloatOffset" classname="net.opentsdb.core.TestTsdbQuery" time="1.463"/>
  <testcase name="runMimMax" classname="net.opentsdb.core.TestTsdbQuery" time="1.397"/>
  <testcase name="runMimMaxFloat" classname="net.opentsdb.core.TestTsdbQuery" time="1.476"/>
  <testcase name="runMimMaxOffset" classname="net.opentsdb.core.TestTsdbQuery" time="1.455"/>
  <testcase name="runMimMaxFloatOffset" classname="net.opentsdb.core.TestTsdbQuery" time="1.496"/>
  <testcase name="setStartTimeZero" classname="net.opentsdb.core.TestTsdbQuery" time="0.092"/>
  <testcase name="setStartTimeInvalidNegative" classname="net.opentsdb.core.TestTsdbQuery" time="0.093"/>
  <testcase name="setStartTimeInvalidTooBig" classname="net.opentsdb.core.TestTsdbQuery" time="0.098"/>
  <testcase name="setStartTimeEqualtoEndTime" classname="net.opentsdb.core.TestTsdbQuery" time="0.095"/>
  <testcase name="setStartTime" classname="net.opentsdb.core.TestTsdbQuery" time="0.087"/>
  <testcase name="setStartTimeGreaterThanEndTime" classname="net.opentsdb.core.TestTsdbQuery" time="0.098"/>
  <testcase name="setEndTime" classname="net.opentsdb.core.TestTsdbQuery" time="0.093"/>
  <testcase name="getStartTimeNotSet" classname="net.opentsdb.core.TestTsdbQuery" time="0.088"/>
  <testcase name="setEndTimeInvalidNegative" classname="net.opentsdb.core.TestTsdbQuery" time="0.098"/>
  <testcase name="setEndTimeInvalidTooBig" classname="net.opentsdb.core.TestTsdbQuery" time="0.094"/>
  <testcase name="setEndTimeEqualtoEndTime" classname="net.opentsdb.core.TestTsdbQuery" time="0.09"/>
  <testcase name="setEndTimeGreaterThanEndTime" classname="net.opentsdb.core.TestTsdbQuery" time="0.1"/>
  <testcase name="getEndTimeNotSet" classname="net.opentsdb.core.TestTsdbQuery" time="0.275"/>
  <testcase name="setTimeSeries" classname="net.opentsdb.core.TestTsdbQuery" time="0.152"/>
  <testcase name="setTimeSeriesNullTags" classname="net.opentsdb.core.TestTsdbQuery" time="0.092"/>
  <testcase name="setTimeSeriesEmptyTags" classname="net.opentsdb.core.TestTsdbQuery" time="0.465"/>
  <testcase name="setTimeSeriesNosuchMetric" classname="net.opentsdb.core.TestTsdbQuery" time="0.195"/>
  <testcase name="setTimeSeriesNosuchTagk" classname="net.opentsdb.core.TestTsdbQuery" time="0.185"/>
  <testcase name="setTimeSeriesNosuchTagv" classname="net.opentsdb.core.TestTsdbQuery" time="0.196"/>
  <testcase name="setTimeSeriesTS" classname="net.opentsdb.core.TestTsdbQuery" time="0.188"/>
  <testcase name="setTimeSeriesTSNullList" classname="net.opentsdb.core.TestTsdbQuery" time="0.185"/>
  <testcase name="setTimeSeriesTSEmptyList" classname="net.opentsdb.core.TestTsdbQuery" time="0.258"/>
  <testcase name="setTimeSeriesTSDifferentMetrics" classname="net.opentsdb.core.TestTsdbQuery" time="0.297"/>
  <testcase name="runLongSingleTS" classname="net.opentsdb.core.TestTsdbQuery" time="2.259"/>
  <testcase name="runLongSingleTSMs" classname="net.opentsdb.core.TestTsdbQuery" time="2.023"/>
  <testcase name="runLongSingleTSNoData" classname="net.opentsdb.core.TestTsdbQuery" time="0.145"/>
  <testcase name="runLongTwoAggSum" classname="net.opentsdb.core.TestTsdbQuery" time="2.556"/>
  <testcase name="runLongTwoAggSumMs" classname="net.opentsdb.core.TestTsdbQuery" time="2.296"/>
  <testcase name="runLongTwoGroup" classname="net.opentsdb.core.TestTsdbQuery" time="2.436"/>
  <testcase name="runLongSingleTSRate" classname="net.opentsdb.core.TestTsdbQuery" time="2.245"/>
  <testcase name="runLongSingleTSRateMs" classname="net.opentsdb.core.TestTsdbQuery" time="2.085"/>
  <testcase name="runLongSingleTSCompacted" classname="net.opentsdb.core.TestTsdbQuery" time="0.266"/>
  <testcase name="runFloatSingleTS" classname="net.opentsdb.core.TestTsdbQuery" time="2.248"/>
  <testcase name="runFloatSingleTSMs" classname="net.opentsdb.core.TestTsdbQuery" time="2.239"/>
  <testcase name="runFloatTwoAggSum" classname="net.opentsdb.core.TestTsdbQuery" time="2.639"/>
  <testcase name="runFloatTwoAggSumMs" classname="net.opentsdb.core.TestTsdbQuery" time="3.548"/>
  <testcase name="runFloatTwoGroup" classname="net.opentsdb.core.TestTsdbQuery" time="4.31"/>
  <testcase name="runFloatSingleTSRate" classname="net.opentsdb.core.TestTsdbQuery" time="2.453"/>
  <testcase name="runFloatSingleTSRateMs" classname="net.opentsdb.core.TestTsdbQuery" time="2.276"/>
  <testcase name="runFloatSingleTSCompacted" classname="net.opentsdb.core.TestTsdbQuery" time="0.287"/>
  <testcase name="runMixedSingleTS" classname="net.opentsdb.core.TestTsdbQuery" time="0.794"/>
  <testcase name="runMixedSingleTSMsAndS" classname="net.opentsdb.core.TestTsdbQuery" time="0.746"/>
  <testcase name="runMixedSingleTSPostCompaction" classname="net.opentsdb.core.TestTsdbQuery" time="0.898"/>
  <testcase name="runMixedSingleTSCompacted" classname="net.opentsdb.core.TestTsdbQuery" time="0.278"/>
  <testcase name="runEndTime" classname="net.opentsdb.core.TestTsdbQuery" time="2.074"/>
  <testcase name="runCompactPostQuery" classname="net.opentsdb.core.TestTsdbQuery" time="2.327"/>
  <testcase name="runStartNotSet" classname="net.opentsdb.core.TestTsdbQuery" time="0.125"/>
  <testcase name="runFloatAndIntSameTS" classname="net.opentsdb.core.TestTsdbQuery" time="2.128"/>
  <testcase name="runWithAnnotation" classname="net.opentsdb.core.TestTsdbQuery" time="2.736"/>
  <testcase name="runWithAnnotationPostCompact" classname="net.opentsdb.core.TestTsdbQuery" time="2.36"/>
  <testcase name="runWithOnlyAnnotation" classname="net.opentsdb.core.TestTsdbQuery" time="2.263"/>
  <testcase name="runWithSingleAnnotation" classname="net.opentsdb.core.TestTsdbQuery" time="0.133"/>
  <testcase name="runSingleDataPoint" classname="net.opentsdb.core.TestTsdbQuery" time="0.158"/>
  <testcase name="runSingleDataPointWithAnnotation" classname="net.opentsdb.core.TestTsdbQuery" time="0.141"/>
  <testcase name="runTSUIDQuery" classname="net.opentsdb.core.TestTsdbQuery" time="2.108"/>
  <testcase name="runTSUIDsAggSum" classname="net.opentsdb.core.TestTsdbQuery" time="2.57"/>
  <testcase name="runTSUIDQueryNoData" classname="net.opentsdb.core.TestTsdbQuery" time="0.101"/>
  <testcase name="runTSUIDQueryNoDataForTSUID" classname="net.opentsdb.core.TestTsdbQuery" time="0.119"/>
  <testcase name="runTSUIDQueryNSU" classname="net.opentsdb.core.TestTsdbQuery" time="2.187"/>
  <testcase name="runRateCounterDefault" classname="net.opentsdb.core.TestTsdbQuery" time="0.149"/>
</testsuite>