<?xml version="1.0" encoding="UTF-8"?>
<testsuite name="net.opentsdb.tree.TestTree" time="3.244" tests="60" errors="0" skipped="0" failures="0">
  <properties>
    <property name="java.runtime.name" value="Java(TM) SE Runtime Environment"/>
    <property name="sun.boot.library.path" value="/usr/java/jdk1.7.0_75/jre/lib/amd64"/>
    <property name="java.vm.version" value="24.75-b04"/>
    <property name="java.vm.vendor" value="Oracle Corporation"/>
    <property name="java.vendor.url" value="http://java.oracle.com/"/>
    <property name="path.separator" value=":"/>
    <property name="guice.disable.misplaced.annotation.check" value="true"/>
    <property name="java.vm.name" value="Java HotSpot(TM) 64-Bit Server VM"/>
    <property name="file.encoding.pkg" value="sun.io"/>
    <property name="user.country" value="US"/>
    <property name="sun.java.launcher" value="SUN_STANDARD"/>
    <property name="sun.os.patch.level" value="unknown"/>
    <property name="java.vm.specification.name" value="Java Virtual Machine Specification"/>
    <property name="user.dir" value="/tsdb/opentsdb-2.1.0RC1"/>
    <property name="java.runtime.version" value="1.7.0_75-b13"/>
    <property name="java.awt.graphicsenv" value="sun.awt.X11GraphicsEnvironment"/>
    <property name="java.endorsed.dirs" value="/usr/java/jdk1.7.0_75/jre/lib/endorsed"/>
    <property name="os.arch" value="amd64"/>
    <property name="java.io.tmpdir" value="/tmp"/>
    <property name="line.separator" value="&#10;"/>
    <property name="java.vm.specification.vendor" value="Oracle Corporation"/>
    <property name="os.name" value="Linux"/>
    <property name="classworlds.conf" value="/java/apache-maven-3.2.5/bin/m2.conf"/>
    <property name="sun.jnu.encoding" value="UTF-8"/>
    <property name="java.library.path" value="/usr/java/packages/lib/amd64:/usr/lib64:/lib64:/lib:/usr/lib"/>
    <property name="java.specification.name" value="Java Platform API Specification"/>
    <property name="java.class.version" value="51.0"/>
    <property name="sun.management.compiler" value="HotSpot 64-Bit Tiered Compilers"/>
    <property name="os.version" value="2.6.32-431.23.3.el6.x86_64"/>
    <property name="user.home" value="/root"/>
    <property name="user.timezone" value="Asia/Shanghai"/>
    <property name="java.awt.printerjob" value="sun.print.PSPrinterJob"/>
    <property name="file.encoding" value="UTF-8"/>
    <property name="java.specification.version" value="1.7"/>
    <property name="user.name" value="root"/>
    <property name="java.class.path" value="/java/apache-maven-3.2.5/boot/plexus-classworlds-2.5.2.jar"/>
    <property name="java.vm.specification.version" value="1.7"/>
    <property name="sun.arch.data.model" value="64"/>
    <property name="java.home" value="/usr/java/jdk1.7.0_75/jre"/>
    <property name="sun.java.command" value="org.codehaus.plexus.classworlds.launcher.Launcher clean install"/>
    <property name="java.specification.vendor" value="Oracle Corporation"/>
    <property name="user.language" value="en"/>
    <property name="awt.toolkit" value="sun.awt.X11.XToolkit"/>
    <property name="java.vm.info" value="mixed mode"/>
    <property name="java.version" value="1.7.0_75"/>
    <property name="java.ext.dirs" value="/usr/java/jdk1.7.0_75/jre/lib/ext:/usr/java/packages/lib/ext"/>
    <property name="securerandom.source" value="file:/dev/./urandom"/>
    <property name="sun.boot.class.path" value="/usr/java/jdk1.7.0_75/jre/lib/resources.jar:/usr/java/jdk1.7.0_75/jre/lib/rt.jar:/usr/java/jdk1.7.0_75/jre/lib/sunrsasign.jar:/usr/java/jdk1.7.0_75/jre/lib/jsse.jar:/usr/java/jdk1.7.0_75/jre/lib/jce.jar:/usr/java/jdk1.7.0_75/jre/lib/charsets.jar:/usr/java/jdk1.7.0_75/jre/lib/jfr.jar:/usr/java/jdk1.7.0_75/jre/classes"/>
    <property name="java.vendor" value="Oracle Corporation"/>
    <property name="maven.home" value="/java/apache-maven-3.2.5"/>
    <property name="file.separator" value="/"/>
    <property name="java.vendor.url.bug" value="http://bugreport.sun.com/bugreport/"/>
    <property name="sun.cpu.endian" value="little"/>
    <property name="sun.io.unicode.encoding" value="UnicodeLittle"/>
    <property name="sun.cpu.isalist" value=""/>
  </properties>
  <testcase name="deserialize" classname="net.opentsdb.tree.TestTree" time="0.998"/>
  <testcase name="addCollision" classname="net.opentsdb.tree.TestTree" time="0.022"/>
  <testcase name="addCollisionNull" classname="net.opentsdb.tree.TestTree" time="0.011"/>
  <testcase name="addCollisionEmpty" classname="net.opentsdb.tree.TestTree" time="0.012"/>
  <testcase name="addNoMatch" classname="net.opentsdb.tree.TestTree" time="0.011"/>
  <testcase name="addNoMatchNull" classname="net.opentsdb.tree.TestTree" time="0.012"/>
  <testcase name="addNoMatchEmpty" classname="net.opentsdb.tree.TestTree" time="0.023"/>
  <testcase name="storeTree" classname="net.opentsdb.tree.TestTree" time="0.729"/>
  <testcase name="copyChangesOverride" classname="net.opentsdb.tree.TestTree" time="0.009"/>
  <testcase name="serialize" classname="net.opentsdb.tree.TestTree" time="0.02"/>
  <testcase name="addRule" classname="net.opentsdb.tree.TestTree" time="0.007"/>
  <testcase name="addRuleLevel" classname="net.opentsdb.tree.TestTree" time="0.015"/>
  <testcase name="addRuleNull" classname="net.opentsdb.tree.TestTree" time="0.017"/>
  <testcase name="storeTreeNoChanges" classname="net.opentsdb.tree.TestTree" time="0.073"/>
  <testcase name="storeTreeTreeID0" classname="net.opentsdb.tree.TestTree" time="0.052"/>
  <testcase name="storeTreeTreeID655536" classname="net.opentsdb.tree.TestTree" time="0.021"/>
  <testcase name="flushCollisions" classname="net.opentsdb.tree.TestTree" time="0.024"/>
  <testcase name="flushCollisionsDisabled" classname="net.opentsdb.tree.TestTree" time="0.037"/>
  <testcase name="flushCollisionsWCollisionExisting" classname="net.opentsdb.tree.TestTree" time="0.018"/>
  <testcase name="flushNotMatched" classname="net.opentsdb.tree.TestTree" time="0.037"/>
  <testcase name="flushNotMatchedDisabled" classname="net.opentsdb.tree.TestTree" time="0.023"/>
  <testcase name="flushNotMatchedWNotMatchedExisting" classname="net.opentsdb.tree.TestTree" time="0.023"/>
  <testcase name="copyChangesNone" classname="net.opentsdb.tree.TestTree" time="0.009"/>
  <testcase name="copyChanges" classname="net.opentsdb.tree.TestTree" time="0.028"/>
  <testcase name="getRule" classname="net.opentsdb.tree.TestTree" time="0.016"/>
  <testcase name="getRuleNullSet" classname="net.opentsdb.tree.TestTree" time="0.019"/>
  <testcase name="getRuleNoLevel" classname="net.opentsdb.tree.TestTree" time="0.008"/>
  <testcase name="getRuleNoOrder" classname="net.opentsdb.tree.TestTree" time="0.007"/>
  <testcase name="createNewTree" classname="net.opentsdb.tree.TestTree" time="0.169"/>
  <testcase name="createNewFirstTree" classname="net.opentsdb.tree.TestTree" time="0.019"/>
  <testcase name="createNewTreeNoChanges" classname="net.opentsdb.tree.TestTree" time="0.015"/>
  <testcase name="createNewTreeOutOfIDs" classname="net.opentsdb.tree.TestTree" time="0.034"/>
  <testcase name="fetchTree" classname="net.opentsdb.tree.TestTree" time="0.043"/>
  <testcase name="fetchTreeDoesNotExist" classname="net.opentsdb.tree.TestTree" time="0.042"/>
  <testcase name="fetchTreeID0" classname="net.opentsdb.tree.TestTree" time="0.025"/>
  <testcase name="fetchTreeID65536" classname="net.opentsdb.tree.TestTree" time="0.023"/>
  <testcase name="fetchAllTrees" classname="net.opentsdb.tree.TestTree" time="0.045"/>
  <testcase name="fetchAllTreesNone" classname="net.opentsdb.tree.TestTree" time="0.033"/>
  <testcase name="fetchAllCollisions" classname="net.opentsdb.tree.TestTree" time="0.038"/>
  <testcase name="fetchAllCollisionsNone" classname="net.opentsdb.tree.TestTree" time="0.049"/>
  <testcase name="fetchCollisionsSingle" classname="net.opentsdb.tree.TestTree" time="0.041"/>
  <testcase name="fetchCollisionsSingleNotFound" classname="net.opentsdb.tree.TestTree" time="0.045"/>
  <testcase name="fetchCollisionsID0" classname="net.opentsdb.tree.TestTree" time="0.026"/>
  <testcase name="fetchCollisionsID655536" classname="net.opentsdb.tree.TestTree" time="0.085"/>
  <testcase name="fetchAllNotMatched" classname="net.opentsdb.tree.TestTree" time="0.019"/>
  <testcase name="fetchAllNotMatchedNone" classname="net.opentsdb.tree.TestTree" time="0.022"/>
  <testcase name="fetchNotMatchedSingle" classname="net.opentsdb.tree.TestTree" time="0.02"/>
  <testcase name="fetchNotMatchedSingleNotFound" classname="net.opentsdb.tree.TestTree" time="0.014"/>
  <testcase name="fetchNotMatchedID0" classname="net.opentsdb.tree.TestTree" time="0.024"/>
  <testcase name="fetchNotMatchedID655536" classname="net.opentsdb.tree.TestTree" time="0.012"/>
  <testcase name="deleteTree" classname="net.opentsdb.tree.TestTree" time="0.051"/>
  <testcase name="idToBytes" classname="net.opentsdb.tree.TestTree" time="0.006"/>
  <testcase name="idToBytesMax" classname="net.opentsdb.tree.TestTree" time="0.009"/>
  <testcase name="idToBytesBadID0" classname="net.opentsdb.tree.TestTree" time="0.005"/>
  <testcase name="idToBytesBadID655536" classname="net.opentsdb.tree.TestTree" time="0.004"/>
  <testcase name="bytesToId" classname="net.opentsdb.tree.TestTree" time="0.003"/>
  <testcase name="bytesToIdMetaRow" classname="net.opentsdb.tree.TestTree" time="0.004"/>
  <testcase name="bytesToIdBranchRow" classname="net.opentsdb.tree.TestTree" time="0.011"/>
  <testcase name="bytesToIdBadRow" classname="net.opentsdb.tree.TestTree" time="0.016"/>
  <testcase name="copyConstructor" classname="net.opentsdb.tree.TestTree" time="0.011"/>
</testsuite>