<?xml version="1.0" encoding="UTF-8"?>
<testsuite name="net.opentsdb.tools.TestUID" time="13.934" tests="56" errors="0" skipped="0" failures="0">
  <properties>
    <property name="java.runtime.name" value="Java(TM) SE Runtime Environment"/>
    <property name="sun.boot.library.path" value="/usr/java/jdk1.7.0_75/jre/lib/amd64"/>
    <property name="java.vm.version" value="24.75-b04"/>
    <property name="java.vm.vendor" value="Oracle Corporation"/>
    <property name="java.vendor.url" value="http://java.oracle.com/"/>
    <property name="path.separator" value=":"/>
    <property name="guice.disable.misplaced.annotation.check" value="true"/>
    <property name="java.vm.name" value="Java HotSpot(TM) 64-Bit Server VM"/>
    <property name="file.encoding.pkg" value="sun.io"/>
    <property name="user.country" value="US"/>
    <property name="sun.java.launcher" value="SUN_STANDARD"/>
    <property name="sun.os.patch.level" value="unknown"/>
    <property name="java.vm.specification.name" value="Java Virtual Machine Specification"/>
    <property name="user.dir" value="/tsdb/opentsdb-2.1.0RC1"/>
    <property name="java.runtime.version" value="1.7.0_75-b13"/>
    <property name="java.awt.graphicsenv" value="sun.awt.X11GraphicsEnvironment"/>
    <property name="java.endorsed.dirs" value="/usr/java/jdk1.7.0_75/jre/lib/endorsed"/>
    <property name="os.arch" value="amd64"/>
    <property name="java.io.tmpdir" value="/tmp"/>
    <property name="line.separator" value="&#10;"/>
    <property name="java.vm.specification.vendor" value="Oracle Corporation"/>
    <property name="os.name" value="Linux"/>
    <property name="classworlds.conf" value="/java/apache-maven-3.2.5/bin/m2.conf"/>
    <property name="sun.jnu.encoding" value="UTF-8"/>
    <property name="java.library.path" value="/usr/java/packages/lib/amd64:/usr/lib64:/lib64:/lib:/usr/lib"/>
    <property name="java.specification.name" value="Java Platform API Specification"/>
    <property name="java.class.version" value="51.0"/>
    <property name="sun.management.compiler" value="HotSpot 64-Bit Tiered Compilers"/>
    <property name="os.version" value="2.6.32-431.23.3.el6.x86_64"/>
    <property name="user.home" value="/root"/>
    <property name="user.timezone" value="Asia/Shanghai"/>
    <property name="java.awt.printerjob" value="sun.print.PSPrinterJob"/>
    <property name="file.encoding" value="UTF-8"/>
    <property name="java.specification.version" value="1.7"/>
    <property name="user.name" value="root"/>
    <property name="java.class.path" value="/java/apache-maven-3.2.5/boot/plexus-classworlds-2.5.2.jar"/>
    <property name="java.vm.specification.version" value="1.7"/>
    <property name="sun.arch.data.model" value="64"/>
    <property name="java.home" value="/usr/java/jdk1.7.0_75/jre"/>
    <property name="sun.java.command" value="org.codehaus.plexus.classworlds.launcher.Launcher clean install"/>
    <property name="java.specification.vendor" value="Oracle Corporation"/>
    <property name="user.language" value="en"/>
    <property name="awt.toolkit" value="sun.awt.X11.XToolkit"/>
    <property name="java.vm.info" value="mixed mode"/>
    <property name="java.version" value="1.7.0_75"/>
    <property name="java.ext.dirs" value="/usr/java/jdk1.7.0_75/jre/lib/ext:/usr/java/packages/lib/ext"/>
    <property name="securerandom.source" value="file:/dev/./urandom"/>
    <property name="sun.boot.class.path" value="/usr/java/jdk1.7.0_75/jre/lib/resources.jar:/usr/java/jdk1.7.0_75/jre/lib/rt.jar:/usr/java/jdk1.7.0_75/jre/lib/sunrsasign.jar:/usr/java/jdk1.7.0_75/jre/lib/jsse.jar:/usr/java/jdk1.7.0_75/jre/lib/jce.jar:/usr/java/jdk1.7.0_75/jre/lib/charsets.jar:/usr/java/jdk1.7.0_75/jre/lib/jfr.jar:/usr/java/jdk1.7.0_75/jre/classes"/>
    <property name="java.vendor" value="Oracle Corporation"/>
    <property name="maven.home" value="/java/apache-maven-3.2.5"/>
    <property name="file.separator" value="/"/>
    <property name="java.vendor.url.bug" value="http://bugreport.sun.com/bugreport/"/>
    <property name="sun.cpu.endian" value="little"/>
    <property name="sun.io.unicode.encoding" value="UnicodeLittle"/>
    <property name="sun.cpu.isalist" value=""/>
  </properties>
  <testcase name="fsckMetricsUIDHigh" classname="net.opentsdb.tools.TestUID" time="1.849"/>
  <testcase name="fsckTagkUIDHigh" classname="net.opentsdb.tools.TestUID" time="0.483"/>
  <testcase name="fsckTagvUIDHigh" classname="net.opentsdb.tools.TestUID" time="0.309"/>
  <testcase name="fsckMetricsUIDLow" classname="net.opentsdb.tools.TestUID" time="0.252"/>
  <testcase name="fsckFIXMetricsUIDLow" classname="net.opentsdb.tools.TestUID" time="0.273"/>
  <testcase name="fsckTagkUIDLow" classname="net.opentsdb.tools.TestUID" time="0.219"/>
  <testcase name="fsckFIXTagkUIDLow" classname="net.opentsdb.tools.TestUID" time="0.29"/>
  <testcase name="fsckTagvUIDLow" classname="net.opentsdb.tools.TestUID" time="0.338"/>
  <testcase name="fsckNoData" classname="net.opentsdb.tools.TestUID" time="0.147"/>
  <testcase name="fsckNoErrors" classname="net.opentsdb.tools.TestUID" time="0.158"/>
  <testcase name="fsckFIXTagvUIDLow" classname="net.opentsdb.tools.TestUID" time="0.276"/>
  <testcase name="fsckMetricsUIDWrongLength" classname="net.opentsdb.tools.TestUID" time="0.244"/>
  <testcase name="fsckTagkUIDWrongLength" classname="net.opentsdb.tools.TestUID" time="0.195"/>
  <testcase name="fsckTagvUIDWrongLength" classname="net.opentsdb.tools.TestUID" time="0.23"/>
  <testcase name="fsckMetricsMissingReverse" classname="net.opentsdb.tools.TestUID" time="0.171"/>
  <testcase name="fsckFIXMetricsMissingReverse" classname="net.opentsdb.tools.TestUID" time="0.251"/>
  <testcase name="fsckTagkMissingReverse" classname="net.opentsdb.tools.TestUID" time="0.187"/>
  <testcase name="fsckFIXTagkMissingReverse" classname="net.opentsdb.tools.TestUID" time="0.246"/>
  <testcase name="fsckTagvMissingReverse" classname="net.opentsdb.tools.TestUID" time="0.21"/>
  <testcase name="fsckFIXTagvMissingReverse" classname="net.opentsdb.tools.TestUID" time="0.224"/>
  <testcase name="fsckMetricsInconsistentForward" classname="net.opentsdb.tools.TestUID" time="0.172"/>
  <testcase name="fsckFIXMetricsInconsistentForward" classname="net.opentsdb.tools.TestUID" time="0.211"/>
  <testcase name="fsckTagkInconsistentForward" classname="net.opentsdb.tools.TestUID" time="0.185"/>
  <testcase name="fsckFIXTagkInconsistentForward" classname="net.opentsdb.tools.TestUID" time="0.211"/>
  <testcase name="fsckTagvInconsistentForward" classname="net.opentsdb.tools.TestUID" time="0.251"/>
  <testcase name="fsckFIXTagvInconsistentForward" classname="net.opentsdb.tools.TestUID" time="0.256"/>
  <testcase name="fsckMetricsDuplicateForward" classname="net.opentsdb.tools.TestUID" time="0.187"/>
  <testcase name="fsckFIXMetricsDuplicateForward" classname="net.opentsdb.tools.TestUID" time="0.371"/>
  <testcase name="fsckTagkDuplicateForward" classname="net.opentsdb.tools.TestUID" time="0.183"/>
  <testcase name="fsckFIXTagkDuplicateForward" classname="net.opentsdb.tools.TestUID" time="0.213"/>
  <testcase name="fsckTagvDuplicateForward" classname="net.opentsdb.tools.TestUID" time="0.178"/>
  <testcase name="fsckFIXTagvDuplicateForward" classname="net.opentsdb.tools.TestUID" time="0.207"/>
  <testcase name="fsckMetricsMissingForward" classname="net.opentsdb.tools.TestUID" time="0.181"/>
  <testcase name="fsckFIXMetricsMissingForward" classname="net.opentsdb.tools.TestUID" time="0.162"/>
  <testcase name="fsckTagkMissingForward" classname="net.opentsdb.tools.TestUID" time="0.143"/>
  <testcase name="fsckFIXTagkMissingForward" classname="net.opentsdb.tools.TestUID" time="0.184"/>
  <testcase name="fsckTagvMissingForward" classname="net.opentsdb.tools.TestUID" time="0.153"/>
  <testcase name="fsckFIXTagvMissingForward" classname="net.opentsdb.tools.TestUID" time="0.222"/>
  <testcase name="fsckMetricsInconsistentReverse" classname="net.opentsdb.tools.TestUID" time="0.323"/>
  <testcase name="fsckFIXMetricsInconsistentReverse" classname="net.opentsdb.tools.TestUID" time="0.324"/>
  <testcase name="fsckTagkInconsistentReverse" classname="net.opentsdb.tools.TestUID" time="0.182"/>
  <testcase name="fsckFIXTagkInconsistentReverse" classname="net.opentsdb.tools.TestUID" time="0.186"/>
  <testcase name="fsckTagvInconsistentReverse" classname="net.opentsdb.tools.TestUID" time="0.16"/>
  <testcase name="fsckFIXTagvInconsistentReverse" classname="net.opentsdb.tools.TestUID" time="0.183"/>
  <testcase name="fsckMetricsDuplicateReverse" classname="net.opentsdb.tools.TestUID" time="0.165"/>
  <testcase name="fsckFIXMetricsDuplicateReverse" classname="net.opentsdb.tools.TestUID" time="0.212"/>
  <testcase name="fsckTagkDuplicateReverse" classname="net.opentsdb.tools.TestUID" time="0.166"/>
  <testcase name="fsckFIXTagkDuplicateReverse" classname="net.opentsdb.tools.TestUID" time="0.197"/>
  <testcase name="fsckTagvDuplicateReverse" classname="net.opentsdb.tools.TestUID" time="0.185"/>
  <testcase name="fsckFIXTagvDuplicateReverse" classname="net.opentsdb.tools.TestUID" time="0.175"/>
  <testcase name="fsckMetricsInconsistentFwdAndDupeRev" classname="net.opentsdb.tools.TestUID" time="0.169"/>
  <testcase name="fsckFIXMetricsInconsistentFwdAndDupeRev" classname="net.opentsdb.tools.TestUID" time="0.3"/>
  <testcase name="fsckMetricsInconsistentFwdAndInconsistentRev" classname="net.opentsdb.tools.TestUID" time="0.185"/>
  <testcase name="fsckFIXMetricsInconsistentFwdAndInconsistentRev" classname="net.opentsdb.tools.TestUID" time="0.234"/>
  <testcase name="fsckMetricsInconsistentFwdNoDupes" classname="net.opentsdb.tools.TestUID" time="0.171"/>
  <testcase name="fsckFixMetricsInconsistentFwdNoDupes" classname="net.opentsdb.tools.TestUID" time="0.195"/>
</testsuite>